This file contains any messages produced by compilers while
running configure, to aid debugging if configure makes a mistake.

It was created by psmisc configure 22.20, which was
generated by GNU Autoconf 2.69.  Invocation command line was

  $ ./configure 

## --------- ##
## Platform. ##
## --------- ##

hostname = ns2
uname -m = i686
uname -r = 3.4.9-x86-smp
uname -s = Linux
uname -v = #1 SMP PREEMPT Sat Aug 18 16:18:05 SAST 2012

/usr/bin/uname -p = unknown
/bin/uname -X     = unknown

/bin/arch              = i686
/usr/bin/arch -k       = unknown
/usr/convex/getsysinfo = unknown
/usr/bin/hostinfo      = unknown
/bin/machine           = unknown
/usr/bin/oslevel       = unknown
/bin/universe          = unknown

PATH: /usr/local/sbin
PATH: /usr/sbin
PATH: /sbin
PATH: /usr/local/bin
PATH: /usr/bin
PATH: /bin
PATH: /usr/X11R7/bin
PATH: /opt/sophos/bin


## ----------- ##
## Core tests. ##
## ----------- ##

configure:2366: checking build system type
configure:2380: result: i686-pc-linux-gnu
configure:2400: checking host system type
configure:2413: result: i686-pc-linux-gnu
configure:2433: checking target system type
configure:2446: result: i686-pc-linux-gnu
configure:2488: checking for a BSD-compatible install
configure:2556: result: /usr/bin/ginstall -c
configure:2567: checking whether build environment is sane
configure:2622: result: yes
configure:2773: checking for a thread-safe mkdir -p
configure:2812: result: /usr/bin/mkdir -p
configure:2819: checking for gawk
configure:2835: found /usr/bin/gawk
configure:2846: result: gawk
configure:2857: checking whether make sets $(MAKE)
configure:2879: result: yes
configure:2908: checking whether make supports nested variables
configure:2925: result: yes
configure:3064: checking for gcc
configure:3080: found /usr/bin/gcc
configure:3091: result: gcc
configure:3320: checking for C compiler version
configure:3329: gcc --version >&5
gcc (GCC) 4.8.1 20130530 (prerelease)
Copyright (C) 2013 Free Software Foundation, Inc.
This is free software; see the source for copying conditions.  There is NO
warranty; not even for MERCHANTABILITY or FITNESS FOR A PARTICULAR PURPOSE.

configure:3340: $? = 0
configure:3329: gcc -v >&5
Using built-in specs.
COLLECT_GCC=gcc
COLLECT_LTO_WRAPPER=/usr/libexec/gcc/i686-linux-gnu/4.8.1/lto-wrapper
Target: i686-linux-gnu
Configured with: ./../configure --prefix=/usr --sysconfdir=/etc/ --mandir=/usr/share/man --localstatedir=/var --infodir=/usr/share/info --libdir=/usr/lib --host=i686-linux-gnu --build=i686-linux-gnu --with-ecj-jar=/usr/share/java/ecj-3.5.2.jar --enable-lto --enable-cloog-backend=isl --enable-java-home --with-system-zlib --target=i686-linux-gnu --with-sysroot=/ --with-jvm-root-dir=/usr/lib/jvm/gcj-jdk --enable-languages=c,c++,fortran,java,lto,objc,obj-c++,go,ada
Thread model: posix
gcc version 4.8.1 20130530 (prerelease) (GCC) 
configure:3340: $? = 0
configure:3329: gcc -V >&5
gcc: error: unrecognized command line option '-V'
gcc: fatal error: no input files
compilation terminated.
configure:3340: $? = 1
configure:3329: gcc -qversion >&5
gcc: error: unrecognized command line option '-qversion'
gcc: fatal error: no input files
compilation terminated.
configure:3340: $? = 1
configure:3360: checking whether the C compiler works
configure:3382: gcc    conftest.c  >&5
configure:3386: $? = 0
configure:3434: result: yes
configure:3437: checking for C compiler default output file name
configure:3439: result: a.out
configure:3445: checking for suffix of executables
configure:3452: gcc -o conftest    conftest.c  >&5
configure:3456: $? = 0
configure:3478: result: 
configure:3500: checking whether we are cross compiling
configure:3508: gcc -o conftest    conftest.c  >&5
configure:3512: $? = 0
configure:3519: ./conftest
configure:3523: $? = 0
configure:3538: result: no
configure:3543: checking for suffix of object files
configure:3565: gcc -c   conftest.c >&5
configure:3569: $? = 0
configure:3590: result: o
configure:3594: checking whether we are using the GNU C compiler
configure:3613: gcc -c   conftest.c >&5
configure:3613: $? = 0
configure:3622: result: yes
configure:3631: checking whether gcc accepts -g
configure:3651: gcc -c -g  conftest.c >&5
configure:3651: $? = 0
configure:3692: result: yes
configure:3709: checking for gcc option to accept ISO C89
configure:3772: gcc  -c -g -O2  conftest.c >&5
configure:3772: $? = 0
configure:3785: result: none needed
configure:3816: checking for style of include used by make
configure:3844: result: GNU
configure:3870: checking dependency style of gcc
configure:3981: result: gcc3
configure:3996: checking whether make sets $(MAKE)
configure:4018: result: yes
configure:4027: checking whether ln -s works
configure:4031: result: yes
configure:4150: checking for tgetent in -ltinfo
configure:4175: gcc -o conftest -g -O2   conftest.c -ltinfo   >&5
/usr/lib/gcc/i686-linux-gnu/4.8.1/../../../../i686-linux-gnu/bin/ld: cannot find -ltinfo
collect2: error: ld returned 1 exit status
configure:4175: $? = 1
configure: failed program was:
| /* confdefs.h */
| #define PACKAGE_NAME "psmisc"
| #define PACKAGE_TARNAME "psmisc"
| #define PACKAGE_VERSION "22.20"
| #define PACKAGE_STRING "psmisc 22.20"
| #define PACKAGE_BUGREPORT ""
| #define PACKAGE_URL ""
| #define PACKAGE "psmisc"
| #define VERSION "22.20"
| #define WITH_IPV6 1
| /* end confdefs.h.  */
| 
| /* Override any GCC internal prototype to avoid an error.
|    Use char because int might match the return type of a GCC
|    builtin and then its argument prototype would still apply.  */
| #ifdef __cplusplus
| extern "C"
| #endif
| char tgetent ();
| int
| main ()
| {
| return tgetent ();
|   ;
|   return 0;
| }
configure:4184: result: no
configure:4189: checking for tgetent in -lncurses
configure:4214: gcc -o conftest -g -O2   conftest.c -lncurses   >&5
configure:4214: $? = 0
configure:4223: result: yes
configure:4282: checking for dirent.h that defines DIR
configure:4301: gcc -c -g -O2  conftest.c >&5
configure:4301: $? = 0
configure:4309: result: yes
configure:4322: checking for library containing opendir
configure:4353: gcc -o conftest -g -O2   conftest.c  >&5
configure:4353: $? = 0
configure:4370: result: none required
configure:4442: checking how to run the C preprocessor
configure:4473: gcc -E  conftest.c
configure:4473: $? = 0
configure:4487: gcc -E  conftest.c
conftest.c:13:28: fatal error: ac_nonexistent.h: No such file or directory
 #include <ac_nonexistent.h>
                            ^
compilation terminated.
configure:4487: $? = 1
configure: failed program was:
| /* confdefs.h */
| #define PACKAGE_NAME "psmisc"
| #define PACKAGE_TARNAME "psmisc"
| #define PACKAGE_VERSION "22.20"
| #define PACKAGE_STRING "psmisc 22.20"
| #define PACKAGE_BUGREPORT ""
| #define PACKAGE_URL ""
| #define PACKAGE "psmisc"
| #define VERSION "22.20"
| #define WITH_IPV6 1
| #define HAVE_DIRENT_H 1
| /* end confdefs.h.  */
| #include <ac_nonexistent.h>
configure:4512: result: gcc -E
configure:4532: gcc -E  conftest.c
configure:4532: $? = 0
configure:4546: gcc -E  conftest.c
conftest.c:13:28: fatal error: ac_nonexistent.h: No such file or directory
 #include <ac_nonexistent.h>
                            ^
compilation terminated.
configure:4546: $? = 1
configure: failed program was:
| /* confdefs.h */
| #define PACKAGE_NAME "psmisc"
| #define PACKAGE_TARNAME "psmisc"
| #define PACKAGE_VERSION "22.20"
| #define PACKAGE_STRING "psmisc 22.20"
| #define PACKAGE_BUGREPORT ""
| #define PACKAGE_URL ""
| #define PACKAGE "psmisc"
| #define VERSION "22.20"
| #define WITH_IPV6 1
| #define HAVE_DIRENT_H 1
| /* end confdefs.h.  */
| #include <ac_nonexistent.h>
configure:4575: checking for grep that handles long lines and -e
configure:4633: result: /usr/bin/grep
configure:4638: checking for egrep
configure:4700: result: /usr/bin/grep -E
configure:4705: checking for ANSI C header files
configure:4725: gcc -c -g -O2  conftest.c >&5
configure:4725: $? = 0
configure:4798: gcc -o conftest -g -O2   conftest.c  >&5
configure:4798: $? = 0
configure:4798: ./conftest
configure:4798: $? = 0
configure:4809: result: yes
configure:4817: checking for sys/wait.h that is POSIX.1 compatible
configure:4843: gcc -c -g -O2  conftest.c >&5
configure:4843: $? = 0
configure:4850: result: yes
configure:4863: checking for sys/types.h
configure:4863: gcc -c -g -O2  conftest.c >&5
configure:4863: $? = 0
configure:4863: result: yes
configure:4863: checking for sys/stat.h
configure:4863: gcc -c -g -O2  conftest.c >&5
configure:4863: $? = 0
configure:4863: result: yes
configure:4863: checking for stdlib.h
configure:4863: gcc -c -g -O2  conftest.c >&5
configure:4863: $? = 0
configure:4863: result: yes
configure:4863: checking for string.h
configure:4863: gcc -c -g -O2  conftest.c >&5
configure:4863: $? = 0
configure:4863: result: yes
configure:4863: checking for memory.h
configure:4863: gcc -c -g -O2  conftest.c >&5
configure:4863: $? = 0
configure:4863: result: yes
configure:4863: checking for strings.h
configure:4863: gcc -c -g -O2  conftest.c >&5
configure:4863: $? = 0
configure:4863: result: yes
configure:4863: checking for inttypes.h
configure:4863: gcc -c -g -O2  conftest.c >&5
configure:4863: $? = 0
configure:4863: result: yes
configure:4863: checking for stdint.h
configure:4863: gcc -c -g -O2  conftest.c >&5
configure:4863: $? = 0
configure:4863: result: yes
configure:4863: checking for unistd.h
configure:4863: gcc -c -g -O2  conftest.c >&5
configure:4863: $? = 0
configure:4863: result: yes
configure:4878: checking arpa/inet.h usability
configure:4878: gcc -c -g -O2  conftest.c >&5
configure:4878: $? = 0
configure:4878: result: yes
configure:4878: checking arpa/inet.h presence
configure:4878: gcc -E  conftest.c
configure:4878: $? = 0
configure:4878: result: yes
configure:4878: checking for arpa/inet.h
configure:4878: result: yes
configure:4878: checking fcntl.h usability
configure:4878: gcc -c -g -O2  conftest.c >&5
configure:4878: $? = 0
configure:4878: result: yes
configure:4878: checking fcntl.h presence
configure:4878: gcc -E  conftest.c
configure:4878: $? = 0
configure:4878: result: yes
configure:4878: checking for fcntl.h
configure:4878: result: yes
configure:4878: checking langinfo.h usability
configure:4878: gcc -c -g -O2  conftest.c >&5
configure:4878: $? = 0
configure:4878: result: yes
configure:4878: checking langinfo.h presence
configure:4878: gcc -E  conftest.c
configure:4878: $? = 0
configure:4878: result: yes
configure:4878: checking for langinfo.h
configure:4878: result: yes
configure:4878: checking libintl.h usability
configure:4878: gcc -c -g -O2  conftest.c >&5
configure:4878: $? = 0
configure:4878: result: yes
configure:4878: checking libintl.h presence
configure:4878: gcc -E  conftest.c
configure:4878: $? = 0
configure:4878: result: yes
configure:4878: checking for libintl.h
configure:4878: result: yes
configure:4878: checking limits.h usability
configure:4878: gcc -c -g -O2  conftest.c >&5
configure:4878: $? = 0
configure:4878: result: yes
configure:4878: checking limits.h presence
configure:4878: gcc -E  conftest.c
configure:4878: $? = 0
configure:4878: result: yes
configure:4878: checking for limits.h
configure:4878: result: yes
configure:4878: checking locale.h usability
configure:4878: gcc -c -g -O2  conftest.c >&5
configure:4878: $? = 0
configure:4878: result: yes
configure:4878: checking locale.h presence
configure:4878: gcc -E  conftest.c
configure:4878: $? = 0
configure:4878: result: yes
configure:4878: checking for locale.h
configure:4878: result: yes
configure:4878: checking mntent.h usability
configure:4878: gcc -c -g -O2  conftest.c >&5
configure:4878: $? = 0
configure:4878: result: yes
configure:4878: checking mntent.h presence
configure:4878: gcc -E  conftest.c
configure:4878: $? = 0
configure:4878: result: yes
configure:4878: checking for mntent.h
configure:4878: result: yes
configure:4878: checking netdb.h usability
configure:4878: gcc -c -g -O2  conftest.c >&5
configure:4878: $? = 0
configure:4878: result: yes
configure:4878: checking netdb.h presence
configure:4878: gcc -E  conftest.c
configure:4878: $? = 0
configure:4878: result: yes
configure:4878: checking for netdb.h
configure:4878: result: yes
configure:4878: checking netinet/in.h usability
configure:4878: gcc -c -g -O2  conftest.c >&5
configure:4878: $? = 0
configure:4878: result: yes
configure:4878: checking netinet/in.h presence
configure:4878: gcc -E  conftest.c
configure:4878: $? = 0
configure:4878: result: yes
configure:4878: checking for netinet/in.h
configure:4878: result: yes
configure:4878: checking for stdlib.h
configure:4878: result: yes
configure:4878: checking for string.h
configure:4878: result: yes
configure:4878: checking sys/ioctl.h usability
configure:4878: gcc -c -g -O2  conftest.c >&5
configure:4878: $? = 0
configure:4878: result: yes
configure:4878: checking sys/ioctl.h presence
configure:4878: gcc -E  conftest.c
configure:4878: $? = 0
configure:4878: result: yes
configure:4878: checking for sys/ioctl.h
configure:4878: result: yes
configure:4878: checking sys/socket.h usability
configure:4878: gcc -c -g -O2  conftest.c >&5
configure:4878: $? = 0
configure:4878: result: yes
configure:4878: checking sys/socket.h presence
configure:4878: gcc -E  conftest.c
configure:4878: $? = 0
configure:4878: result: yes
configure:4878: checking for sys/socket.h
configure:4878: result: yes
configure:4878: checking termios.h usability
configure:4878: gcc -c -g -O2  conftest.c >&5
configure:4878: $? = 0
configure:4878: result: yes
configure:4878: checking termios.h presence
configure:4878: gcc -E  conftest.c
configure:4878: $? = 0
configure:4878: result: yes
configure:4878: checking for termios.h
configure:4878: result: yes
configure:4878: checking for unistd.h
configure:4878: result: yes
configure:4889: checking for an ANSI C-conforming const
configure:4955: gcc -c -g -O2  conftest.c >&5
configure:4955: $? = 0
configure:4962: result: yes
configure:4970: checking for pid_t
configure:4970: gcc -c -g -O2  conftest.c >&5
configure:4970: $? = 0
configure:4970: gcc -c -g -O2  conftest.c >&5
conftest.c: In function 'main':
conftest.c:75:20: error: expected expression before ')' token
 if (sizeof ((pid_t)))
                    ^
configure:4970: $? = 1
configure: failed program was:
| /* confdefs.h */
| #define PACKAGE_NAME "psmisc"
| #define PACKAGE_TARNAME "psmisc"
| #define PACKAGE_VERSION "22.20"
| #define PACKAGE_STRING "psmisc 22.20"
| #define PACKAGE_BUGREPORT ""
| #define PACKAGE_URL ""
| #define PACKAGE "psmisc"
| #define VERSION "22.20"
| #define WITH_IPV6 1
| #define HAVE_DIRENT_H 1
| #define STDC_HEADERS 1
| #define HAVE_SYS_WAIT_H 1
| #define HAVE_SYS_TYPES_H 1
| #define HAVE_SYS_STAT_H 1
| #define HAVE_STDLIB_H 1
| #define HAVE_STRING_H 1
| #define HAVE_MEMORY_H 1
| #define HAVE_STRINGS_H 1
| #define HAVE_INTTYPES_H 1
| #define HAVE_STDINT_H 1
| #define HAVE_UNISTD_H 1
| #define HAVE_ARPA_INET_H 1
| #define HAVE_FCNTL_H 1
| #define HAVE_LANGINFO_H 1
| #define HAVE_LIBINTL_H 1
| #define HAVE_LIMITS_H 1
| #define HAVE_LOCALE_H 1
| #define HAVE_MNTENT_H 1
| #define HAVE_NETDB_H 1
| #define HAVE_NETINET_IN_H 1
| #define HAVE_STDLIB_H 1
| #define HAVE_STRING_H 1
| #define HAVE_SYS_IOCTL_H 1
| #define HAVE_SYS_SOCKET_H 1
| #define HAVE_TERMIOS_H 1
| #define HAVE_UNISTD_H 1
| /* end confdefs.h.  */
| #include <stdio.h>
| #ifdef HAVE_SYS_TYPES_H
| # include <sys/types.h>
| #endif
| #ifdef HAVE_SYS_STAT_H
| # include <sys/stat.h>
| #endif
| #ifdef STDC_HEADERS
| # include <stdlib.h>
| # include <stddef.h>
| #else
| # ifdef HAVE_STDLIB_H
| #  include <stdlib.h>
| # endif
| #endif
| #ifdef HAVE_STRING_H
| # if !defined STDC_HEADERS && defined HAVE_MEMORY_H
| #  include <memory.h>
| # endif
| # include <string.h>
| #endif
| #ifdef HAVE_STRINGS_H
| # include <strings.h>
| #endif
| #ifdef HAVE_INTTYPES_H
| # include <inttypes.h>
| #endif
| #ifdef HAVE_STDINT_H
| # include <stdint.h>
| #endif
| #ifdef HAVE_UNISTD_H
| # include <unistd.h>
| #endif
| int
| main ()
| {
| if (sizeof ((pid_t)))
| 	    return 0;
|   ;
|   return 0;
| }
configure:4970: result: yes
configure:4981: checking for size_t
configure:4981: gcc -c -g -O2  conftest.c >&5
configure:4981: $? = 0
configure:4981: gcc -c -g -O2  conftest.c >&5
conftest.c: In function 'main':
conftest.c:75:21: error: expected expression before ')' token
 if (sizeof ((size_t)))
                     ^
configure:4981: $? = 1
configure: failed program was:
| /* confdefs.h */
| #define PACKAGE_NAME "psmisc"
| #define PACKAGE_TARNAME "psmisc"
| #define PACKAGE_VERSION "22.20"
| #define PACKAGE_STRING "psmisc 22.20"
| #define PACKAGE_BUGREPORT ""
| #define PACKAGE_URL ""
| #define PACKAGE "psmisc"
| #define VERSION "22.20"
| #define WITH_IPV6 1
| #define HAVE_DIRENT_H 1
| #define STDC_HEADERS 1
| #define HAVE_SYS_WAIT_H 1
| #define HAVE_SYS_TYPES_H 1
| #define HAVE_SYS_STAT_H 1
| #define HAVE_STDLIB_H 1
| #define HAVE_STRING_H 1
| #define HAVE_MEMORY_H 1
| #define HAVE_STRINGS_H 1
| #define HAVE_INTTYPES_H 1
| #define HAVE_STDINT_H 1
| #define HAVE_UNISTD_H 1
| #define HAVE_ARPA_INET_H 1
| #define HAVE_FCNTL_H 1
| #define HAVE_LANGINFO_H 1
| #define HAVE_LIBINTL_H 1
| #define HAVE_LIMITS_H 1
| #define HAVE_LOCALE_H 1
| #define HAVE_MNTENT_H 1
| #define HAVE_NETDB_H 1
| #define HAVE_NETINET_IN_H 1
| #define HAVE_STDLIB_H 1
| #define HAVE_STRING_H 1
| #define HAVE_SYS_IOCTL_H 1
| #define HAVE_SYS_SOCKET_H 1
| #define HAVE_TERMIOS_H 1
| #define HAVE_UNISTD_H 1
| /* end confdefs.h.  */
| #include <stdio.h>
| #ifdef HAVE_SYS_TYPES_H
| # include <sys/types.h>
| #endif
| #ifdef HAVE_SYS_STAT_H
| # include <sys/stat.h>
| #endif
| #ifdef STDC_HEADERS
| # include <stdlib.h>
| # include <stddef.h>
| #else
| # ifdef HAVE_STDLIB_H
| #  include <stdlib.h>
| # endif
| #endif
| #ifdef HAVE_STRING_H
| # if !defined STDC_HEADERS && defined HAVE_MEMORY_H
| #  include <memory.h>
| # endif
| # include <string.h>
| #endif
| #ifdef HAVE_STRINGS_H
| # include <strings.h>
| #endif
| #ifdef HAVE_INTTYPES_H
| # include <inttypes.h>
| #endif
| #ifdef HAVE_STDINT_H
| # include <stdint.h>
| #endif
| #ifdef HAVE_UNISTD_H
| # include <unistd.h>
| #endif
| int
| main ()
| {
| if (sizeof ((size_t)))
| 	    return 0;
|   ;
|   return 0;
| }
configure:4981: result: yes
configure:4992: checking for struct stat.st_rdev
configure:4992: gcc -c -g -O2  conftest.c >&5
configure:4992: $? = 0
configure:4992: result: yes
configure:5002: checking for uid_t in sys/types.h
configure:5021: result: yes
configure:5036: checking compiler supports harden flags
configure:5051: gcc -c -g -O2 -fstack-protector --param=ssp-buffer-size=4 -Wformat -Wformat-security -Werror=format-security  conftest.c >&5
configure:5051: $? = 0
configure:5052: result: yes
configure:5075: checking whether NLS is requested
configure:5084: result: yes
configure:5122: checking for msgfmt
configure: trying /usr/bin/msgfmt...
0 translated messages.
configure:5154: result: /usr/bin/msgfmt
configure:5163: checking for gmsgfmt
configure:5194: result: /usr/bin/msgfmt
configure:5245: checking for xgettext
configure: trying /usr/bin/xgettext...
/usr/bin/xgettext: warning: file '/dev/null' extension '' is unknown; will try C
configure:5277: result: /usr/bin/xgettext
configure:5323: checking for msgmerge
configure: trying /usr/bin/msgmerge...
configure:5354: result: /usr/bin/msgmerge
configure:5408: checking for ld used by GCC
configure:5472: result: /usr/i686-linux-gnu/bin/ld
configure:5479: checking if the linker (/usr/i686-linux-gnu/bin/ld) is GNU ld
configure:5492: result: yes
configure:5499: checking for shared library run path origin
configure:5512: result: done
configure:5969: checking for CFPreferencesCopyAppValue
configure:5987: gcc -o conftest -g -O2   conftest.c  -Wl,-framework -Wl,CoreFoundation >&5
conftest.c:40:42: fatal error: CoreFoundation/CFPreferences.h: No such file or directory
 #include <CoreFoundation/CFPreferences.h>
                                          ^
compilation terminated.
configure:5987: $? = 1
configure: failed program was:
| /* confdefs.h */
| #define PACKAGE_NAME "psmisc"
| #define PACKAGE_TARNAME "psmisc"
| #define PACKAGE_VERSION "22.20"
| #define PACKAGE_STRING "psmisc 22.20"
| #define PACKAGE_BUGREPORT ""
| #define PACKAGE_URL ""
| #define PACKAGE "psmisc"
| #define VERSION "22.20"
| #define WITH_IPV6 1
| #define HAVE_DIRENT_H 1
| #define STDC_HEADERS 1
| #define HAVE_SYS_WAIT_H 1
| #define HAVE_SYS_TYPES_H 1
| #define HAVE_SYS_STAT_H 1
| #define HAVE_STDLIB_H 1
| #define HAVE_STRING_H 1
| #define HAVE_MEMORY_H 1
| #define HAVE_STRINGS_H 1
| #define HAVE_INTTYPES_H 1
| #define HAVE_STDINT_H 1
| #define HAVE_UNISTD_H 1
| #define HAVE_ARPA_INET_H 1
| #define HAVE_FCNTL_H 1
| #define HAVE_LANGINFO_H 1
| #define HAVE_LIBINTL_H 1
| #define HAVE_LIMITS_H 1
| #define HAVE_LOCALE_H 1
| #define HAVE_MNTENT_H 1
| #define HAVE_NETDB_H 1
| #define HAVE_NETINET_IN_H 1
| #define HAVE_STDLIB_H 1
| #define HAVE_STRING_H 1
| #define HAVE_SYS_IOCTL_H 1
| #define HAVE_SYS_SOCKET_H 1
| #define HAVE_TERMIOS_H 1
| #define HAVE_UNISTD_H 1
| #define HAVE_STRUCT_STAT_ST_RDEV 1
| /* end confdefs.h.  */
| #include <CoreFoundation/CFPreferences.h>
| int
| main ()
| {
| CFPreferencesCopyAppValue(NULL, NULL)
|   ;
|   return 0;
| }
configure:5996: result: no
configure:6003: checking for CFLocaleCopyCurrent
configure:6021: gcc -o conftest -g -O2   conftest.c  -Wl,-framework -Wl,CoreFoundation >&5
conftest.c:40:37: fatal error: CoreFoundation/CFLocale.h: No such file or directory
 #include <CoreFoundation/CFLocale.h>
                                     ^
compilation terminated.
configure:6021: $? = 1
configure: failed program was:
| /* confdefs.h */
| #define PACKAGE_NAME "psmisc"
| #define PACKAGE_TARNAME "psmisc"
| #define PACKAGE_VERSION "22.20"
| #define PACKAGE_STRING "psmisc 22.20"
| #define PACKAGE_BUGREPORT ""
| #define PACKAGE_URL ""
| #define PACKAGE "psmisc"
| #define VERSION "22.20"
| #define WITH_IPV6 1
| #define HAVE_DIRENT_H 1
| #define STDC_HEADERS 1
| #define HAVE_SYS_WAIT_H 1
| #define HAVE_SYS_TYPES_H 1
| #define HAVE_SYS_STAT_H 1
| #define HAVE_STDLIB_H 1
| #define HAVE_STRING_H 1
| #define HAVE_MEMORY_H 1
| #define HAVE_STRINGS_H 1
| #define HAVE_INTTYPES_H 1
| #define HAVE_STDINT_H 1
| #define HAVE_UNISTD_H 1
| #define HAVE_ARPA_INET_H 1
| #define HAVE_FCNTL_H 1
| #define HAVE_LANGINFO_H 1
| #define HAVE_LIBINTL_H 1
| #define HAVE_LIMITS_H 1
| #define HAVE_LOCALE_H 1
| #define HAVE_MNTENT_H 1
| #define HAVE_NETDB_H 1
| #define HAVE_NETINET_IN_H 1
| #define HAVE_STDLIB_H 1
| #define HAVE_STRING_H 1
| #define HAVE_SYS_IOCTL_H 1
| #define HAVE_SYS_SOCKET_H 1
| #define HAVE_TERMIOS_H 1
| #define HAVE_UNISTD_H 1
| #define HAVE_STRUCT_STAT_ST_RDEV 1
| /* end confdefs.h.  */
| #include <CoreFoundation/CFLocale.h>
| int
| main ()
| {
| CFLocaleCopyCurrent();
|   ;
|   return 0;
| }
configure:6030: result: no
configure:6079: checking for GNU gettext in libc
configure:6099: gcc -o conftest -g -O2   conftest.c  >&5
configure:6099: $? = 0
configure:6108: result: yes
configure:6714: checking whether to use NLS
configure:6716: result: yes
configure:6719: checking where the gettext function comes from
configure:6730: result: libc
configure:6788: checking for struct user_regs_struct.orig_eax
configure:6788: gcc -c -g -O2  conftest.c >&5
configure:6788: $? = 0
configure:6788: result: yes
configure:6799: checking for struct user_regs_struct.eax
configure:6799: gcc -c -g -O2  conftest.c >&5
configure:6799: $? = 0
configure:6799: result: yes
configure:6810: checking for struct user_regs_struct.ebx
configure:6810: gcc -c -g -O2  conftest.c >&5
configure:6810: $? = 0
configure:6810: result: yes
configure:6821: checking for struct user_regs_struct.ecx
configure:6821: gcc -c -g -O2  conftest.c >&5
configure:6821: $? = 0
configure:6821: result: yes
configure:6832: checking for struct user_regs_struct.edx
configure:6832: gcc -c -g -O2  conftest.c >&5
configure:6832: $? = 0
configure:6832: result: yes
configure:6843: checking for struct user_regs_struct.orig_rax
configure:6843: gcc -c -g -O2  conftest.c >&5
conftest.c: In function 'main':
conftest.c:55:12: error: 'struct user_regs_struct' has no member named 'orig_rax'
 if (ac_aggr.orig_rax)
            ^
configure:6843: $? = 1
configure: failed program was:
| /* confdefs.h */
| #define PACKAGE_NAME "psmisc"
| #define PACKAGE_TARNAME "psmisc"
| #define PACKAGE_VERSION "22.20"
| #define PACKAGE_STRING "psmisc 22.20"
| #define PACKAGE_BUGREPORT ""
| #define PACKAGE_URL ""
| #define PACKAGE "psmisc"
| #define VERSION "22.20"
| #define WITH_IPV6 1
| #define HAVE_DIRENT_H 1
| #define STDC_HEADERS 1
| #define HAVE_SYS_WAIT_H 1
| #define HAVE_SYS_TYPES_H 1
| #define HAVE_SYS_STAT_H 1
| #define HAVE_STDLIB_H 1
| #define HAVE_STRING_H 1
| #define HAVE_MEMORY_H 1
| #define HAVE_STRINGS_H 1
| #define HAVE_INTTYPES_H 1
| #define HAVE_STDINT_H 1
| #define HAVE_UNISTD_H 1
| #define HAVE_ARPA_INET_H 1
| #define HAVE_FCNTL_H 1
| #define HAVE_LANGINFO_H 1
| #define HAVE_LIBINTL_H 1
| #define HAVE_LIMITS_H 1
| #define HAVE_LOCALE_H 1
| #define HAVE_MNTENT_H 1
| #define HAVE_NETDB_H 1
| #define HAVE_NETINET_IN_H 1
| #define HAVE_STDLIB_H 1
| #define HAVE_STRING_H 1
| #define HAVE_SYS_IOCTL_H 1
| #define HAVE_SYS_SOCKET_H 1
| #define HAVE_TERMIOS_H 1
| #define HAVE_UNISTD_H 1
| #define HAVE_STRUCT_STAT_ST_RDEV 1
| #define ENABLE_NLS 1
| #define HAVE_GETTEXT 1
| #define HAVE_DCGETTEXT 1
| #define HAVE_STRUCT_USER_REGS_STRUCT_ORIG_EAX 1
| #define HAVE_STRUCT_USER_REGS_STRUCT_EAX 1
| #define HAVE_STRUCT_USER_REGS_STRUCT_EBX 1
| #define HAVE_STRUCT_USER_REGS_STRUCT_ECX 1
| #define HAVE_STRUCT_USER_REGS_STRUCT_EDX 1
| /* end confdefs.h.  */
| #include <bits/types.h>
|      #include <sys/user.h>
| 
| int
| main ()
| {
| static struct user_regs_struct ac_aggr;
| if (ac_aggr.orig_rax)
| return 0;
|   ;
|   return 0;
| }
configure:6843: gcc -c -g -O2  conftest.c >&5
conftest.c: In function 'main':
conftest.c:55:19: error: 'struct user_regs_struct' has no member named 'orig_rax'
 if (sizeof ac_aggr.orig_rax)
                   ^
configure:6843: $? = 1
configure: failed program was:
| /* confdefs.h */
| #define PACKAGE_NAME "psmisc"
| #define PACKAGE_TARNAME "psmisc"
| #define PACKAGE_VERSION "22.20"
| #define PACKAGE_STRING "psmisc 22.20"
| #define PACKAGE_BUGREPORT ""
| #define PACKAGE_URL ""
| #define PACKAGE "psmisc"
| #define VERSION "22.20"
| #define WITH_IPV6 1
| #define HAVE_DIRENT_H 1
| #define STDC_HEADERS 1
| #define HAVE_SYS_WAIT_H 1
| #define HAVE_SYS_TYPES_H 1
| #define HAVE_SYS_STAT_H 1
| #define HAVE_STDLIB_H 1
| #define HAVE_STRING_H 1
| #define HAVE_MEMORY_H 1
| #define HAVE_STRINGS_H 1
| #define HAVE_INTTYPES_H 1
| #define HAVE_STDINT_H 1
| #define HAVE_UNISTD_H 1
| #define HAVE_ARPA_INET_H 1
| #define HAVE_FCNTL_H 1
| #define HAVE_LANGINFO_H 1
| #define HAVE_LIBINTL_H 1
| #define HAVE_LIMITS_H 1
| #define HAVE_LOCALE_H 1
| #define HAVE_MNTENT_H 1
| #define HAVE_NETDB_H 1
| #define HAVE_NETINET_IN_H 1
| #define HAVE_STDLIB_H 1
| #define HAVE_STRING_H 1
| #define HAVE_SYS_IOCTL_H 1
| #define HAVE_SYS_SOCKET_H 1
| #define HAVE_TERMIOS_H 1
| #define HAVE_UNISTD_H 1
| #define HAVE_STRUCT_STAT_ST_RDEV 1
| #define ENABLE_NLS 1
| #define HAVE_GETTEXT 1
| #define HAVE_DCGETTEXT 1
| #define HAVE_STRUCT_USER_REGS_STRUCT_ORIG_EAX 1
| #define HAVE_STRUCT_USER_REGS_STRUCT_EAX 1
| #define HAVE_STRUCT_USER_REGS_STRUCT_EBX 1
| #define HAVE_STRUCT_USER_REGS_STRUCT_ECX 1
| #define HAVE_STRUCT_USER_REGS_STRUCT_EDX 1
| /* end confdefs.h.  */
| #include <bits/types.h>
|      #include <sys/user.h>
| 
| int
| main ()
| {
| static struct user_regs_struct ac_aggr;
| if (sizeof ac_aggr.orig_rax)
| return 0;
|   ;
|   return 0;
| }
configure:6843: result: no
configure:6854: checking for struct user_regs_struct.rax
configure:6854: gcc -c -g -O2  conftest.c >&5
conftest.c: In function 'main':
conftest.c:55:12: error: 'struct user_regs_struct' has no member named 'rax'
 if (ac_aggr.rax)
            ^
configure:6854: $? = 1
configure: failed program was:
| /* confdefs.h */
| #define PACKAGE_NAME "psmisc"
| #define PACKAGE_TARNAME "psmisc"
| #define PACKAGE_VERSION "22.20"
| #define PACKAGE_STRING "psmisc 22.20"
| #define PACKAGE_BUGREPORT ""
| #define PACKAGE_URL ""
| #define PACKAGE "psmisc"
| #define VERSION "22.20"
| #define WITH_IPV6 1
| #define HAVE_DIRENT_H 1
| #define STDC_HEADERS 1
| #define HAVE_SYS_WAIT_H 1
| #define HAVE_SYS_TYPES_H 1
| #define HAVE_SYS_STAT_H 1
| #define HAVE_STDLIB_H 1
| #define HAVE_STRING_H 1
| #define HAVE_MEMORY_H 1
| #define HAVE_STRINGS_H 1
| #define HAVE_INTTYPES_H 1
| #define HAVE_STDINT_H 1
| #define HAVE_UNISTD_H 1
| #define HAVE_ARPA_INET_H 1
| #define HAVE_FCNTL_H 1
| #define HAVE_LANGINFO_H 1
| #define HAVE_LIBINTL_H 1
| #define HAVE_LIMITS_H 1
| #define HAVE_LOCALE_H 1
| #define HAVE_MNTENT_H 1
| #define HAVE_NETDB_H 1
| #define HAVE_NETINET_IN_H 1
| #define HAVE_STDLIB_H 1
| #define HAVE_STRING_H 1
| #define HAVE_SYS_IOCTL_H 1
| #define HAVE_SYS_SOCKET_H 1
| #define HAVE_TERMIOS_H 1
| #define HAVE_UNISTD_H 1
| #define HAVE_STRUCT_STAT_ST_RDEV 1
| #define ENABLE_NLS 1
| #define HAVE_GETTEXT 1
| #define HAVE_DCGETTEXT 1
| #define HAVE_STRUCT_USER_REGS_STRUCT_ORIG_EAX 1
| #define HAVE_STRUCT_USER_REGS_STRUCT_EAX 1
| #define HAVE_STRUCT_USER_REGS_STRUCT_EBX 1
| #define HAVE_STRUCT_USER_REGS_STRUCT_ECX 1
| #define HAVE_STRUCT_USER_REGS_STRUCT_EDX 1
| /* end confdefs.h.  */
| #include <bits/types.h>
|      #include <sys/user.h>
| 
| int
| main ()
| {
| static struct user_regs_struct ac_aggr;
| if (ac_aggr.rax)
| return 0;
|   ;
|   return 0;
| }
configure:6854: gcc -c -g -O2  conftest.c >&5
conftest.c: In function 'main':
conftest.c:55:19: error: 'struct user_regs_struct' has no member named 'rax'
 if (sizeof ac_aggr.rax)
                   ^
configure:6854: $? = 1
configure: failed program was:
| /* confdefs.h */
| #define PACKAGE_NAME "psmisc"
| #define PACKAGE_TARNAME "psmisc"
| #define PACKAGE_VERSION "22.20"
| #define PACKAGE_STRING "psmisc 22.20"
| #define PACKAGE_BUGREPORT ""
| #define PACKAGE_URL ""
| #define PACKAGE "psmisc"
| #define VERSION "22.20"
| #define WITH_IPV6 1
| #define HAVE_DIRENT_H 1
| #define STDC_HEADERS 1
| #define HAVE_SYS_WAIT_H 1
| #define HAVE_SYS_TYPES_H 1
| #define HAVE_SYS_STAT_H 1
| #define HAVE_STDLIB_H 1
| #define HAVE_STRING_H 1
| #define HAVE_MEMORY_H 1
| #define HAVE_STRINGS_H 1
| #define HAVE_INTTYPES_H 1
| #define HAVE_STDINT_H 1
| #define HAVE_UNISTD_H 1
| #define HAVE_ARPA_INET_H 1
| #define HAVE_FCNTL_H 1
| #define HAVE_LANGINFO_H 1
| #define HAVE_LIBINTL_H 1
| #define HAVE_LIMITS_H 1
| #define HAVE_LOCALE_H 1
| #define HAVE_MNTENT_H 1
| #define HAVE_NETDB_H 1
| #define HAVE_NETINET_IN_H 1
| #define HAVE_STDLIB_H 1
| #define HAVE_STRING_H 1
| #define HAVE_SYS_IOCTL_H 1
| #define HAVE_SYS_SOCKET_H 1
| #define HAVE_TERMIOS_H 1
| #define HAVE_UNISTD_H 1
| #define HAVE_STRUCT_STAT_ST_RDEV 1
| #define ENABLE_NLS 1
| #define HAVE_GETTEXT 1
| #define HAVE_DCGETTEXT 1
| #define HAVE_STRUCT_USER_REGS_STRUCT_ORIG_EAX 1
| #define HAVE_STRUCT_USER_REGS_STRUCT_EAX 1
| #define HAVE_STRUCT_USER_REGS_STRUCT_EBX 1
| #define HAVE_STRUCT_USER_REGS_STRUCT_ECX 1
| #define HAVE_STRUCT_USER_REGS_STRUCT_EDX 1
| /* end confdefs.h.  */
| #include <bits/types.h>
|      #include <sys/user.h>
| 
| int
| main ()
| {
| static struct user_regs_struct ac_aggr;
| if (sizeof ac_aggr.rax)
| return 0;
|   ;
|   return 0;
| }
configure:6854: result: no
configure:6865: checking for struct user_regs_struct.rdi
configure:6865: gcc -c -g -O2  conftest.c >&5
conftest.c: In function 'main':
conftest.c:55:12: error: 'struct user_regs_struct' has no member named 'rdi'
 if (ac_aggr.rdi)
            ^
configure:6865: $? = 1
configure: failed program was:
| /* confdefs.h */
| #define PACKAGE_NAME "psmisc"
| #define PACKAGE_TARNAME "psmisc"
| #define PACKAGE_VERSION "22.20"
| #define PACKAGE_STRING "psmisc 22.20"
| #define PACKAGE_BUGREPORT ""
| #define PACKAGE_URL ""
| #define PACKAGE "psmisc"
| #define VERSION "22.20"
| #define WITH_IPV6 1
| #define HAVE_DIRENT_H 1
| #define STDC_HEADERS 1
| #define HAVE_SYS_WAIT_H 1
| #define HAVE_SYS_TYPES_H 1
| #define HAVE_SYS_STAT_H 1
| #define HAVE_STDLIB_H 1
| #define HAVE_STRING_H 1
| #define HAVE_MEMORY_H 1
| #define HAVE_STRINGS_H 1
| #define HAVE_INTTYPES_H 1
| #define HAVE_STDINT_H 1
| #define HAVE_UNISTD_H 1
| #define HAVE_ARPA_INET_H 1
| #define HAVE_FCNTL_H 1
| #define HAVE_LANGINFO_H 1
| #define HAVE_LIBINTL_H 1
| #define HAVE_LIMITS_H 1
| #define HAVE_LOCALE_H 1
| #define HAVE_MNTENT_H 1
| #define HAVE_NETDB_H 1
| #define HAVE_NETINET_IN_H 1
| #define HAVE_STDLIB_H 1
| #define HAVE_STRING_H 1
| #define HAVE_SYS_IOCTL_H 1
| #define HAVE_SYS_SOCKET_H 1
| #define HAVE_TERMIOS_H 1
| #define HAVE_UNISTD_H 1
| #define HAVE_STRUCT_STAT_ST_RDEV 1
| #define ENABLE_NLS 1
| #define HAVE_GETTEXT 1
| #define HAVE_DCGETTEXT 1
| #define HAVE_STRUCT_USER_REGS_STRUCT_ORIG_EAX 1
| #define HAVE_STRUCT_USER_REGS_STRUCT_EAX 1
| #define HAVE_STRUCT_USER_REGS_STRUCT_EBX 1
| #define HAVE_STRUCT_USER_REGS_STRUCT_ECX 1
| #define HAVE_STRUCT_USER_REGS_STRUCT_EDX 1
| /* end confdefs.h.  */
| #include <bits/types.h>
|      #include <sys/user.h>
| 
| int
| main ()
| {
| static struct user_regs_struct ac_aggr;
| if (ac_aggr.rdi)
| return 0;
|   ;
|   return 0;
| }
configure:6865: gcc -c -g -O2  conftest.c >&5
conftest.c: In function 'main':
conftest.c:55:19: error: 'struct user_regs_struct' has no member named 'rdi'
 if (sizeof ac_aggr.rdi)
                   ^
configure:6865: $? = 1
configure: failed program was:
| /* confdefs.h */
| #define PACKAGE_NAME "psmisc"
| #define PACKAGE_TARNAME "psmisc"
| #define PACKAGE_VERSION "22.20"
| #define PACKAGE_STRING "psmisc 22.20"
| #define PACKAGE_BUGREPORT ""
| #define PACKAGE_URL ""
| #define PACKAGE "psmisc"
| #define VERSION "22.20"
| #define WITH_IPV6 1
| #define HAVE_DIRENT_H 1
| #define STDC_HEADERS 1
| #define HAVE_SYS_WAIT_H 1
| #define HAVE_SYS_TYPES_H 1
| #define HAVE_SYS_STAT_H 1
| #define HAVE_STDLIB_H 1
| #define HAVE_STRING_H 1
| #define HAVE_MEMORY_H 1
| #define HAVE_STRINGS_H 1
| #define HAVE_INTTYPES_H 1
| #define HAVE_STDINT_H 1
| #define HAVE_UNISTD_H 1
| #define HAVE_ARPA_INET_H 1
| #define HAVE_FCNTL_H 1
| #define HAVE_LANGINFO_H 1
| #define HAVE_LIBINTL_H 1
| #define HAVE_LIMITS_H 1
| #define HAVE_LOCALE_H 1
| #define HAVE_MNTENT_H 1
| #define HAVE_NETDB_H 1
| #define HAVE_NETINET_IN_H 1
| #define HAVE_STDLIB_H 1
| #define HAVE_STRING_H 1
| #define HAVE_SYS_IOCTL_H 1
| #define HAVE_SYS_SOCKET_H 1
| #define HAVE_TERMIOS_H 1
| #define HAVE_UNISTD_H 1
| #define HAVE_STRUCT_STAT_ST_RDEV 1
| #define ENABLE_NLS 1
| #define HAVE_GETTEXT 1
| #define HAVE_DCGETTEXT 1
| #define HAVE_STRUCT_USER_REGS_STRUCT_ORIG_EAX 1
| #define HAVE_STRUCT_USER_REGS_STRUCT_EAX 1
| #define HAVE_STRUCT_USER_REGS_STRUCT_EBX 1
| #define HAVE_STRUCT_USER_REGS_STRUCT_ECX 1
| #define HAVE_STRUCT_USER_REGS_STRUCT_EDX 1
| /* end confdefs.h.  */
| #include <bits/types.h>
|      #include <sys/user.h>
| 
| int
| main ()
| {
| static struct user_regs_struct ac_aggr;
| if (sizeof ac_aggr.rdi)
| return 0;
|   ;
|   return 0;
| }
configure:6865: result: no
configure:6876: checking for struct user_regs_struct.rsi
configure:6876: gcc -c -g -O2  conftest.c >&5
conftest.c: In function 'main':
conftest.c:55:12: error: 'struct user_regs_struct' has no member named 'rsi'
 if (ac_aggr.rsi)
            ^
configure:6876: $? = 1
configure: failed program was:
| /* confdefs.h */
| #define PACKAGE_NAME "psmisc"
| #define PACKAGE_TARNAME "psmisc"
| #define PACKAGE_VERSION "22.20"
| #define PACKAGE_STRING "psmisc 22.20"
| #define PACKAGE_BUGREPORT ""
| #define PACKAGE_URL ""
| #define PACKAGE "psmisc"
| #define VERSION "22.20"
| #define WITH_IPV6 1
| #define HAVE_DIRENT_H 1
| #define STDC_HEADERS 1
| #define HAVE_SYS_WAIT_H 1
| #define HAVE_SYS_TYPES_H 1
| #define HAVE_SYS_STAT_H 1
| #define HAVE_STDLIB_H 1
| #define HAVE_STRING_H 1
| #define HAVE_MEMORY_H 1
| #define HAVE_STRINGS_H 1
| #define HAVE_INTTYPES_H 1
| #define HAVE_STDINT_H 1
| #define HAVE_UNISTD_H 1
| #define HAVE_ARPA_INET_H 1
| #define HAVE_FCNTL_H 1
| #define HAVE_LANGINFO_H 1
| #define HAVE_LIBINTL_H 1
| #define HAVE_LIMITS_H 1
| #define HAVE_LOCALE_H 1
| #define HAVE_MNTENT_H 1
| #define HAVE_NETDB_H 1
| #define HAVE_NETINET_IN_H 1
| #define HAVE_STDLIB_H 1
| #define HAVE_STRING_H 1
| #define HAVE_SYS_IOCTL_H 1
| #define HAVE_SYS_SOCKET_H 1
| #define HAVE_TERMIOS_H 1
| #define HAVE_UNISTD_H 1
| #define HAVE_STRUCT_STAT_ST_RDEV 1
| #define ENABLE_NLS 1
| #define HAVE_GETTEXT 1
| #define HAVE_DCGETTEXT 1
| #define HAVE_STRUCT_USER_REGS_STRUCT_ORIG_EAX 1
| #define HAVE_STRUCT_USER_REGS_STRUCT_EAX 1
| #define HAVE_STRUCT_USER_REGS_STRUCT_EBX 1
| #define HAVE_STRUCT_USER_REGS_STRUCT_ECX 1
| #define HAVE_STRUCT_USER_REGS_STRUCT_EDX 1
| /* end confdefs.h.  */
| #include <bits/types.h>
|      #include <sys/user.h>
| 
| int
| main ()
| {
| static struct user_regs_struct ac_aggr;
| if (ac_aggr.rsi)
| return 0;
|   ;
|   return 0;
| }
configure:6876: gcc -c -g -O2  conftest.c >&5
conftest.c: In function 'main':
conftest.c:55:19: error: 'struct user_regs_struct' has no member named 'rsi'
 if (sizeof ac_aggr.rsi)
                   ^
configure:6876: $? = 1
configure: failed program was:
| /* confdefs.h */
| #define PACKAGE_NAME "psmisc"
| #define PACKAGE_TARNAME "psmisc"
| #define PACKAGE_VERSION "22.20"
| #define PACKAGE_STRING "psmisc 22.20"
| #define PACKAGE_BUGREPORT ""
| #define PACKAGE_URL ""
| #define PACKAGE "psmisc"
| #define VERSION "22.20"
| #define WITH_IPV6 1
| #define HAVE_DIRENT_H 1
| #define STDC_HEADERS 1
| #define HAVE_SYS_WAIT_H 1
| #define HAVE_SYS_TYPES_H 1
| #define HAVE_SYS_STAT_H 1
| #define HAVE_STDLIB_H 1
| #define HAVE_STRING_H 1
| #define HAVE_MEMORY_H 1
| #define HAVE_STRINGS_H 1
| #define HAVE_INTTYPES_H 1
| #define HAVE_STDINT_H 1
| #define HAVE_UNISTD_H 1
| #define HAVE_ARPA_INET_H 1
| #define HAVE_FCNTL_H 1
| #define HAVE_LANGINFO_H 1
| #define HAVE_LIBINTL_H 1
| #define HAVE_LIMITS_H 1
| #define HAVE_LOCALE_H 1
| #define HAVE_MNTENT_H 1
| #define HAVE_NETDB_H 1
| #define HAVE_NETINET_IN_H 1
| #define HAVE_STDLIB_H 1
| #define HAVE_STRING_H 1
| #define HAVE_SYS_IOCTL_H 1
| #define HAVE_SYS_SOCKET_H 1
| #define HAVE_TERMIOS_H 1
| #define HAVE_UNISTD_H 1
| #define HAVE_STRUCT_STAT_ST_RDEV 1
| #define ENABLE_NLS 1
| #define HAVE_GETTEXT 1
| #define HAVE_DCGETTEXT 1
| #define HAVE_STRUCT_USER_REGS_STRUCT_ORIG_EAX 1
| #define HAVE_STRUCT_USER_REGS_STRUCT_EAX 1
| #define HAVE_STRUCT_USER_REGS_STRUCT_EBX 1
| #define HAVE_STRUCT_USER_REGS_STRUCT_ECX 1
| #define HAVE_STRUCT_USER_REGS_STRUCT_EDX 1
| /* end confdefs.h.  */
| #include <bits/types.h>
|      #include <sys/user.h>
| 
| int
| main ()
| {
| static struct user_regs_struct ac_aggr;
| if (sizeof ac_aggr.rsi)
| return 0;
|   ;
|   return 0;
| }
configure:6876: result: no
configure:6887: checking for struct user_regs_struct.rdx
configure:6887: gcc -c -g -O2  conftest.c >&5
conftest.c: In function 'main':
conftest.c:55:12: error: 'struct user_regs_struct' has no member named 'rdx'
 if (ac_aggr.rdx)
            ^
configure:6887: $? = 1
configure: failed program was:
| /* confdefs.h */
| #define PACKAGE_NAME "psmisc"
| #define PACKAGE_TARNAME "psmisc"
| #define PACKAGE_VERSION "22.20"
| #define PACKAGE_STRING "psmisc 22.20"
| #define PACKAGE_BUGREPORT ""
| #define PACKAGE_URL ""
| #define PACKAGE "psmisc"
| #define VERSION "22.20"
| #define WITH_IPV6 1
| #define HAVE_DIRENT_H 1
| #define STDC_HEADERS 1
| #define HAVE_SYS_WAIT_H 1
| #define HAVE_SYS_TYPES_H 1
| #define HAVE_SYS_STAT_H 1
| #define HAVE_STDLIB_H 1
| #define HAVE_STRING_H 1
| #define HAVE_MEMORY_H 1
| #define HAVE_STRINGS_H 1
| #define HAVE_INTTYPES_H 1
| #define HAVE_STDINT_H 1
| #define HAVE_UNISTD_H 1
| #define HAVE_ARPA_INET_H 1
| #define HAVE_FCNTL_H 1
| #define HAVE_LANGINFO_H 1
| #define HAVE_LIBINTL_H 1
| #define HAVE_LIMITS_H 1
| #define HAVE_LOCALE_H 1
| #define HAVE_MNTENT_H 1
| #define HAVE_NETDB_H 1
| #define HAVE_NETINET_IN_H 1
| #define HAVE_STDLIB_H 1
| #define HAVE_STRING_H 1
| #define HAVE_SYS_IOCTL_H 1
| #define HAVE_SYS_SOCKET_H 1
| #define HAVE_TERMIOS_H 1
| #define HAVE_UNISTD_H 1
| #define HAVE_STRUCT_STAT_ST_RDEV 1
| #define ENABLE_NLS 1
| #define HAVE_GETTEXT 1
| #define HAVE_DCGETTEXT 1
| #define HAVE_STRUCT_USER_REGS_STRUCT_ORIG_EAX 1
| #define HAVE_STRUCT_USER_REGS_STRUCT_EAX 1
| #define HAVE_STRUCT_USER_REGS_STRUCT_EBX 1
| #define HAVE_STRUCT_USER_REGS_STRUCT_ECX 1
| #define HAVE_STRUCT_USER_REGS_STRUCT_EDX 1
| /* end confdefs.h.  */
| #include <bits/types.h>
|      #include <sys/user.h>
| 
| int
| main ()
| {
| static struct user_regs_struct ac_aggr;
| if (ac_aggr.rdx)
| return 0;
|   ;
|   return 0;
| }
configure:6887: gcc -c -g -O2  conftest.c >&5
conftest.c: In function 'main':
conftest.c:55:19: error: 'struct user_regs_struct' has no member named 'rdx'
 if (sizeof ac_aggr.rdx)
                   ^
configure:6887: $? = 1
configure: failed program was:
| /* confdefs.h */
| #define PACKAGE_NAME "psmisc"
| #define PACKAGE_TARNAME "psmisc"
| #define PACKAGE_VERSION "22.20"
| #define PACKAGE_STRING "psmisc 22.20"
| #define PACKAGE_BUGREPORT ""
| #define PACKAGE_URL ""
| #define PACKAGE "psmisc"
| #define VERSION "22.20"
| #define WITH_IPV6 1
| #define HAVE_DIRENT_H 1
| #define STDC_HEADERS 1
| #define HAVE_SYS_WAIT_H 1
| #define HAVE_SYS_TYPES_H 1
| #define HAVE_SYS_STAT_H 1
| #define HAVE_STDLIB_H 1
| #define HAVE_STRING_H 1
| #define HAVE_MEMORY_H 1
| #define HAVE_STRINGS_H 1
| #define HAVE_INTTYPES_H 1
| #define HAVE_STDINT_H 1
| #define HAVE_UNISTD_H 1
| #define HAVE_ARPA_INET_H 1
| #define HAVE_FCNTL_H 1
| #define HAVE_LANGINFO_H 1
| #define HAVE_LIBINTL_H 1
| #define HAVE_LIMITS_H 1
| #define HAVE_LOCALE_H 1
| #define HAVE_MNTENT_H 1
| #define HAVE_NETDB_H 1
| #define HAVE_NETINET_IN_H 1
| #define HAVE_STDLIB_H 1
| #define HAVE_STRING_H 1
| #define HAVE_SYS_IOCTL_H 1
| #define HAVE_SYS_SOCKET_H 1
| #define HAVE_TERMIOS_H 1
| #define HAVE_UNISTD_H 1
| #define HAVE_STRUCT_STAT_ST_RDEV 1
| #define ENABLE_NLS 1
| #define HAVE_GETTEXT 1
| #define HAVE_DCGETTEXT 1
| #define HAVE_STRUCT_USER_REGS_STRUCT_ORIG_EAX 1
| #define HAVE_STRUCT_USER_REGS_STRUCT_EAX 1
| #define HAVE_STRUCT_USER_REGS_STRUCT_EBX 1
| #define HAVE_STRUCT_USER_REGS_STRUCT_ECX 1
| #define HAVE_STRUCT_USER_REGS_STRUCT_EDX 1
| /* end confdefs.h.  */
| #include <bits/types.h>
|      #include <sys/user.h>
| 
| int
| main ()
| {
| static struct user_regs_struct ac_aggr;
| if (sizeof ac_aggr.rdx)
| return 0;
|   ;
|   return 0;
| }
configure:6887: result: no
configure:6899: checking for struct pt_regs.orig_gpr3
configure:6899: gcc -c -g -O2  conftest.c >&5
conftest.c: In function 'main':
conftest.c:54:12: error: 'struct pt_regs' has no member named 'orig_gpr3'
 if (ac_aggr.orig_gpr3)
            ^
configure:6899: $? = 1
configure: failed program was:
| /* confdefs.h */
| #define PACKAGE_NAME "psmisc"
| #define PACKAGE_TARNAME "psmisc"
| #define PACKAGE_VERSION "22.20"
| #define PACKAGE_STRING "psmisc 22.20"
| #define PACKAGE_BUGREPORT ""
| #define PACKAGE_URL ""
| #define PACKAGE "psmisc"
| #define VERSION "22.20"
| #define WITH_IPV6 1
| #define HAVE_DIRENT_H 1
| #define STDC_HEADERS 1
| #define HAVE_SYS_WAIT_H 1
| #define HAVE_SYS_TYPES_H 1
| #define HAVE_SYS_STAT_H 1
| #define HAVE_STDLIB_H 1
| #define HAVE_STRING_H 1
| #define HAVE_MEMORY_H 1
| #define HAVE_STRINGS_H 1
| #define HAVE_INTTYPES_H 1
| #define HAVE_STDINT_H 1
| #define HAVE_UNISTD_H 1
| #define HAVE_ARPA_INET_H 1
| #define HAVE_FCNTL_H 1
| #define HAVE_LANGINFO_H 1
| #define HAVE_LIBINTL_H 1
| #define HAVE_LIMITS_H 1
| #define HAVE_LOCALE_H 1
| #define HAVE_MNTENT_H 1
| #define HAVE_NETDB_H 1
| #define HAVE_NETINET_IN_H 1
| #define HAVE_STDLIB_H 1
| #define HAVE_STRING_H 1
| #define HAVE_SYS_IOCTL_H 1
| #define HAVE_SYS_SOCKET_H 1
| #define HAVE_TERMIOS_H 1
| #define HAVE_UNISTD_H 1
| #define HAVE_STRUCT_STAT_ST_RDEV 1
| #define ENABLE_NLS 1
| #define HAVE_GETTEXT 1
| #define HAVE_DCGETTEXT 1
| #define HAVE_STRUCT_USER_REGS_STRUCT_ORIG_EAX 1
| #define HAVE_STRUCT_USER_REGS_STRUCT_EAX 1
| #define HAVE_STRUCT_USER_REGS_STRUCT_EBX 1
| #define HAVE_STRUCT_USER_REGS_STRUCT_ECX 1
| #define HAVE_STRUCT_USER_REGS_STRUCT_EDX 1
| /* end confdefs.h.  */
| #include <linux/ptrace.h>
| 
| int
| main ()
| {
| static struct pt_regs ac_aggr;
| if (ac_aggr.orig_gpr3)
| return 0;
|   ;
|   return 0;
| }
configure:6899: gcc -c -g -O2  conftest.c >&5
conftest.c: In function 'main':
conftest.c:54:19: error: 'struct pt_regs' has no member named 'orig_gpr3'
 if (sizeof ac_aggr.orig_gpr3)
                   ^
configure:6899: $? = 1
configure: failed program was:
| /* confdefs.h */
| #define PACKAGE_NAME "psmisc"
| #define PACKAGE_TARNAME "psmisc"
| #define PACKAGE_VERSION "22.20"
| #define PACKAGE_STRING "psmisc 22.20"
| #define PACKAGE_BUGREPORT ""
| #define PACKAGE_URL ""
| #define PACKAGE "psmisc"
| #define VERSION "22.20"
| #define WITH_IPV6 1
| #define HAVE_DIRENT_H 1
| #define STDC_HEADERS 1
| #define HAVE_SYS_WAIT_H 1
| #define HAVE_SYS_TYPES_H 1
| #define HAVE_SYS_STAT_H 1
| #define HAVE_STDLIB_H 1
| #define HAVE_STRING_H 1
| #define HAVE_MEMORY_H 1
| #define HAVE_STRINGS_H 1
| #define HAVE_INTTYPES_H 1
| #define HAVE_STDINT_H 1
| #define HAVE_UNISTD_H 1
| #define HAVE_ARPA_INET_H 1
| #define HAVE_FCNTL_H 1
| #define HAVE_LANGINFO_H 1
| #define HAVE_LIBINTL_H 1
| #define HAVE_LIMITS_H 1
| #define HAVE_LOCALE_H 1
| #define HAVE_MNTENT_H 1
| #define HAVE_NETDB_H 1
| #define HAVE_NETINET_IN_H 1
| #define HAVE_STDLIB_H 1
| #define HAVE_STRING_H 1
| #define HAVE_SYS_IOCTL_H 1
| #define HAVE_SYS_SOCKET_H 1
| #define HAVE_TERMIOS_H 1
| #define HAVE_UNISTD_H 1
| #define HAVE_STRUCT_STAT_ST_RDEV 1
| #define ENABLE_NLS 1
| #define HAVE_GETTEXT 1
| #define HAVE_DCGETTEXT 1
| #define HAVE_STRUCT_USER_REGS_STRUCT_ORIG_EAX 1
| #define HAVE_STRUCT_USER_REGS_STRUCT_EAX 1
| #define HAVE_STRUCT_USER_REGS_STRUCT_EBX 1
| #define HAVE_STRUCT_USER_REGS_STRUCT_ECX 1
| #define HAVE_STRUCT_USER_REGS_STRUCT_EDX 1
| /* end confdefs.h.  */
| #include <linux/ptrace.h>
| 
| int
| main ()
| {
| static struct pt_regs ac_aggr;
| if (sizeof ac_aggr.orig_gpr3)
| return 0;
|   ;
|   return 0;
| }
configure:6899: result: no
configure:6909: checking for struct pt_regs.gpr
configure:6909: gcc -c -g -O2  conftest.c >&5
conftest.c: In function 'main':
conftest.c:54:12: error: 'struct pt_regs' has no member named 'gpr'
 if (ac_aggr.gpr)
            ^
configure:6909: $? = 1
configure: failed program was:
| /* confdefs.h */
| #define PACKAGE_NAME "psmisc"
| #define PACKAGE_TARNAME "psmisc"
| #define PACKAGE_VERSION "22.20"
| #define PACKAGE_STRING "psmisc 22.20"
| #define PACKAGE_BUGREPORT ""
| #define PACKAGE_URL ""
| #define PACKAGE "psmisc"
| #define VERSION "22.20"
| #define WITH_IPV6 1
| #define HAVE_DIRENT_H 1
| #define STDC_HEADERS 1
| #define HAVE_SYS_WAIT_H 1
| #define HAVE_SYS_TYPES_H 1
| #define HAVE_SYS_STAT_H 1
| #define HAVE_STDLIB_H 1
| #define HAVE_STRING_H 1
| #define HAVE_MEMORY_H 1
| #define HAVE_STRINGS_H 1
| #define HAVE_INTTYPES_H 1
| #define HAVE_STDINT_H 1
| #define HAVE_UNISTD_H 1
| #define HAVE_ARPA_INET_H 1
| #define HAVE_FCNTL_H 1
| #define HAVE_LANGINFO_H 1
| #define HAVE_LIBINTL_H 1
| #define HAVE_LIMITS_H 1
| #define HAVE_LOCALE_H 1
| #define HAVE_MNTENT_H 1
| #define HAVE_NETDB_H 1
| #define HAVE_NETINET_IN_H 1
| #define HAVE_STDLIB_H 1
| #define HAVE_STRING_H 1
| #define HAVE_SYS_IOCTL_H 1
| #define HAVE_SYS_SOCKET_H 1
| #define HAVE_TERMIOS_H 1
| #define HAVE_UNISTD_H 1
| #define HAVE_STRUCT_STAT_ST_RDEV 1
| #define ENABLE_NLS 1
| #define HAVE_GETTEXT 1
| #define HAVE_DCGETTEXT 1
| #define HAVE_STRUCT_USER_REGS_STRUCT_ORIG_EAX 1
| #define HAVE_STRUCT_USER_REGS_STRUCT_EAX 1
| #define HAVE_STRUCT_USER_REGS_STRUCT_EBX 1
| #define HAVE_STRUCT_USER_REGS_STRUCT_ECX 1
| #define HAVE_STRUCT_USER_REGS_STRUCT_EDX 1
| /* end confdefs.h.  */
| #include <linux/ptrace.h>
| 
| int
| main ()
| {
| static struct pt_regs ac_aggr;
| if (ac_aggr.gpr)
| return 0;
|   ;
|   return 0;
| }
configure:6909: gcc -c -g -O2  conftest.c >&5
conftest.c: In function 'main':
conftest.c:54:19: error: 'struct pt_regs' has no member named 'gpr'
 if (sizeof ac_aggr.gpr)
                   ^
configure:6909: $? = 1
configure: failed program was:
| /* confdefs.h */
| #define PACKAGE_NAME "psmisc"
| #define PACKAGE_TARNAME "psmisc"
| #define PACKAGE_VERSION "22.20"
| #define PACKAGE_STRING "psmisc 22.20"
| #define PACKAGE_BUGREPORT ""
| #define PACKAGE_URL ""
| #define PACKAGE "psmisc"
| #define VERSION "22.20"
| #define WITH_IPV6 1
| #define HAVE_DIRENT_H 1
| #define STDC_HEADERS 1
| #define HAVE_SYS_WAIT_H 1
| #define HAVE_SYS_TYPES_H 1
| #define HAVE_SYS_STAT_H 1
| #define HAVE_STDLIB_H 1
| #define HAVE_STRING_H 1
| #define HAVE_MEMORY_H 1
| #define HAVE_STRINGS_H 1
| #define HAVE_INTTYPES_H 1
| #define HAVE_STDINT_H 1
| #define HAVE_UNISTD_H 1
| #define HAVE_ARPA_INET_H 1
| #define HAVE_FCNTL_H 1
| #define HAVE_LANGINFO_H 1
| #define HAVE_LIBINTL_H 1
| #define HAVE_LIMITS_H 1
| #define HAVE_LOCALE_H 1
| #define HAVE_MNTENT_H 1
| #define HAVE_NETDB_H 1
| #define HAVE_NETINET_IN_H 1
| #define HAVE_STDLIB_H 1
| #define HAVE_STRING_H 1
| #define HAVE_SYS_IOCTL_H 1
| #define HAVE_SYS_SOCKET_H 1
| #define HAVE_TERMIOS_H 1
| #define HAVE_UNISTD_H 1
| #define HAVE_STRUCT_STAT_ST_RDEV 1
| #define ENABLE_NLS 1
| #define HAVE_GETTEXT 1
| #define HAVE_DCGETTEXT 1
| #define HAVE_STRUCT_USER_REGS_STRUCT_ORIG_EAX 1
| #define HAVE_STRUCT_USER_REGS_STRUCT_EAX 1
| #define HAVE_STRUCT_USER_REGS_STRUCT_EBX 1
| #define HAVE_STRUCT_USER_REGS_STRUCT_ECX 1
| #define HAVE_STRUCT_USER_REGS_STRUCT_EDX 1
| /* end confdefs.h.  */
| #include <linux/ptrace.h>
| 
| int
| main ()
| {
| static struct pt_regs ac_aggr;
| if (sizeof ac_aggr.gpr)
| return 0;
|   ;
|   return 0;
| }
configure:6909: result: no
configure:6920: checking for struct pt_regs.uregs
configure:6920: gcc -c -g -O2  conftest.c >&5
conftest.c: In function 'main':
conftest.c:54:12: error: 'struct pt_regs' has no member named 'uregs'
 if (ac_aggr.uregs)
            ^
configure:6920: $? = 1
configure: failed program was:
| /* confdefs.h */
| #define PACKAGE_NAME "psmisc"
| #define PACKAGE_TARNAME "psmisc"
| #define PACKAGE_VERSION "22.20"
| #define PACKAGE_STRING "psmisc 22.20"
| #define PACKAGE_BUGREPORT ""
| #define PACKAGE_URL ""
| #define PACKAGE "psmisc"
| #define VERSION "22.20"
| #define WITH_IPV6 1
| #define HAVE_DIRENT_H 1
| #define STDC_HEADERS 1
| #define HAVE_SYS_WAIT_H 1
| #define HAVE_SYS_TYPES_H 1
| #define HAVE_SYS_STAT_H 1
| #define HAVE_STDLIB_H 1
| #define HAVE_STRING_H 1
| #define HAVE_MEMORY_H 1
| #define HAVE_STRINGS_H 1
| #define HAVE_INTTYPES_H 1
| #define HAVE_STDINT_H 1
| #define HAVE_UNISTD_H 1
| #define HAVE_ARPA_INET_H 1
| #define HAVE_FCNTL_H 1
| #define HAVE_LANGINFO_H 1
| #define HAVE_LIBINTL_H 1
| #define HAVE_LIMITS_H 1
| #define HAVE_LOCALE_H 1
| #define HAVE_MNTENT_H 1
| #define HAVE_NETDB_H 1
| #define HAVE_NETINET_IN_H 1
| #define HAVE_STDLIB_H 1
| #define HAVE_STRING_H 1
| #define HAVE_SYS_IOCTL_H 1
| #define HAVE_SYS_SOCKET_H 1
| #define HAVE_TERMIOS_H 1
| #define HAVE_UNISTD_H 1
| #define HAVE_STRUCT_STAT_ST_RDEV 1
| #define ENABLE_NLS 1
| #define HAVE_GETTEXT 1
| #define HAVE_DCGETTEXT 1
| #define HAVE_STRUCT_USER_REGS_STRUCT_ORIG_EAX 1
| #define HAVE_STRUCT_USER_REGS_STRUCT_EAX 1
| #define HAVE_STRUCT_USER_REGS_STRUCT_EBX 1
| #define HAVE_STRUCT_USER_REGS_STRUCT_ECX 1
| #define HAVE_STRUCT_USER_REGS_STRUCT_EDX 1
| /* end confdefs.h.  */
| #include <asm/ptrace.h>
| 
| int
| main ()
| {
| static struct pt_regs ac_aggr;
| if (ac_aggr.uregs)
| return 0;
|   ;
|   return 0;
| }
configure:6920: gcc -c -g -O2  conftest.c >&5
conftest.c: In function 'main':
conftest.c:54:19: error: 'struct pt_regs' has no member named 'uregs'
 if (sizeof ac_aggr.uregs)
                   ^
configure:6920: $? = 1
configure: failed program was:
| /* confdefs.h */
| #define PACKAGE_NAME "psmisc"
| #define PACKAGE_TARNAME "psmisc"
| #define PACKAGE_VERSION "22.20"
| #define PACKAGE_STRING "psmisc 22.20"
| #define PACKAGE_BUGREPORT ""
| #define PACKAGE_URL ""
| #define PACKAGE "psmisc"
| #define VERSION "22.20"
| #define WITH_IPV6 1
| #define HAVE_DIRENT_H 1
| #define STDC_HEADERS 1
| #define HAVE_SYS_WAIT_H 1
| #define HAVE_SYS_TYPES_H 1
| #define HAVE_SYS_STAT_H 1
| #define HAVE_STDLIB_H 1
| #define HAVE_STRING_H 1
| #define HAVE_MEMORY_H 1
| #define HAVE_STRINGS_H 1
| #define HAVE_INTTYPES_H 1
| #define HAVE_STDINT_H 1
| #define HAVE_UNISTD_H 1
| #define HAVE_ARPA_INET_H 1
| #define HAVE_FCNTL_H 1
| #define HAVE_LANGINFO_H 1
| #define HAVE_LIBINTL_H 1
| #define HAVE_LIMITS_H 1
| #define HAVE_LOCALE_H 1
| #define HAVE_MNTENT_H 1
| #define HAVE_NETDB_H 1
| #define HAVE_NETINET_IN_H 1
| #define HAVE_STDLIB_H 1
| #define HAVE_STRING_H 1
| #define HAVE_SYS_IOCTL_H 1
| #define HAVE_SYS_SOCKET_H 1
| #define HAVE_TERMIOS_H 1
| #define HAVE_UNISTD_H 1
| #define HAVE_STRUCT_STAT_ST_RDEV 1
| #define ENABLE_NLS 1
| #define HAVE_GETTEXT 1
| #define HAVE_DCGETTEXT 1
| #define HAVE_STRUCT_USER_REGS_STRUCT_ORIG_EAX 1
| #define HAVE_STRUCT_USER_REGS_STRUCT_EAX 1
| #define HAVE_STRUCT_USER_REGS_STRUCT_EBX 1
| #define HAVE_STRUCT_USER_REGS_STRUCT_ECX 1
| #define HAVE_STRUCT_USER_REGS_STRUCT_EDX 1
| /* end confdefs.h.  */
| #include <asm/ptrace.h>
| 
| int
| main ()
| {
| static struct pt_regs ac_aggr;
| if (sizeof ac_aggr.uregs)
| return 0;
|   ;
|   return 0;
| }
configure:6920: result: no
configure:6931: checking for struct pt_regs.regs
configure:6931: gcc -c -g -O2  conftest.c >&5
conftest.c: In function 'main':
conftest.c:54:12: error: 'struct pt_regs' has no member named 'regs'
 if (ac_aggr.regs)
            ^
configure:6931: $? = 1
configure: failed program was:
| /* confdefs.h */
| #define PACKAGE_NAME "psmisc"
| #define PACKAGE_TARNAME "psmisc"
| #define PACKAGE_VERSION "22.20"
| #define PACKAGE_STRING "psmisc 22.20"
| #define PACKAGE_BUGREPORT ""
| #define PACKAGE_URL ""
| #define PACKAGE "psmisc"
| #define VERSION "22.20"
| #define WITH_IPV6 1
| #define HAVE_DIRENT_H 1
| #define STDC_HEADERS 1
| #define HAVE_SYS_WAIT_H 1
| #define HAVE_SYS_TYPES_H 1
| #define HAVE_SYS_STAT_H 1
| #define HAVE_STDLIB_H 1
| #define HAVE_STRING_H 1
| #define HAVE_MEMORY_H 1
| #define HAVE_STRINGS_H 1
| #define HAVE_INTTYPES_H 1
| #define HAVE_STDINT_H 1
| #define HAVE_UNISTD_H 1
| #define HAVE_ARPA_INET_H 1
| #define HAVE_FCNTL_H 1
| #define HAVE_LANGINFO_H 1
| #define HAVE_LIBINTL_H 1
| #define HAVE_LIMITS_H 1
| #define HAVE_LOCALE_H 1
| #define HAVE_MNTENT_H 1
| #define HAVE_NETDB_H 1
| #define HAVE_NETINET_IN_H 1
| #define HAVE_STDLIB_H 1
| #define HAVE_STRING_H 1
| #define HAVE_SYS_IOCTL_H 1
| #define HAVE_SYS_SOCKET_H 1
| #define HAVE_TERMIOS_H 1
| #define HAVE_UNISTD_H 1
| #define HAVE_STRUCT_STAT_ST_RDEV 1
| #define ENABLE_NLS 1
| #define HAVE_GETTEXT 1
| #define HAVE_DCGETTEXT 1
| #define HAVE_STRUCT_USER_REGS_STRUCT_ORIG_EAX 1
| #define HAVE_STRUCT_USER_REGS_STRUCT_EAX 1
| #define HAVE_STRUCT_USER_REGS_STRUCT_EBX 1
| #define HAVE_STRUCT_USER_REGS_STRUCT_ECX 1
| #define HAVE_STRUCT_USER_REGS_STRUCT_EDX 1
| /* end confdefs.h.  */
| #include <asm/ptrace.h>
| 
| int
| main ()
| {
| static struct pt_regs ac_aggr;
| if (ac_aggr.regs)
| return 0;
|   ;
|   return 0;
| }
configure:6931: gcc -c -g -O2  conftest.c >&5
conftest.c: In function 'main':
conftest.c:54:19: error: 'struct pt_regs' has no member named 'regs'
 if (sizeof ac_aggr.regs)
                   ^
configure:6931: $? = 1
configure: failed program was:
| /* confdefs.h */
| #define PACKAGE_NAME "psmisc"
| #define PACKAGE_TARNAME "psmisc"
| #define PACKAGE_VERSION "22.20"
| #define PACKAGE_STRING "psmisc 22.20"
| #define PACKAGE_BUGREPORT ""
| #define PACKAGE_URL ""
| #define PACKAGE "psmisc"
| #define VERSION "22.20"
| #define WITH_IPV6 1
| #define HAVE_DIRENT_H 1
| #define STDC_HEADERS 1
| #define HAVE_SYS_WAIT_H 1
| #define HAVE_SYS_TYPES_H 1
| #define HAVE_SYS_STAT_H 1
| #define HAVE_STDLIB_H 1
| #define HAVE_STRING_H 1
| #define HAVE_MEMORY_H 1
| #define HAVE_STRINGS_H 1
| #define HAVE_INTTYPES_H 1
| #define HAVE_STDINT_H 1
| #define HAVE_UNISTD_H 1
| #define HAVE_ARPA_INET_H 1
| #define HAVE_FCNTL_H 1
| #define HAVE_LANGINFO_H 1
| #define HAVE_LIBINTL_H 1
| #define HAVE_LIMITS_H 1
| #define HAVE_LOCALE_H 1
| #define HAVE_MNTENT_H 1
| #define HAVE_NETDB_H 1
| #define HAVE_NETINET_IN_H 1
| #define HAVE_STDLIB_H 1
| #define HAVE_STRING_H 1
| #define HAVE_SYS_IOCTL_H 1
| #define HAVE_SYS_SOCKET_H 1
| #define HAVE_TERMIOS_H 1
| #define HAVE_UNISTD_H 1
| #define HAVE_STRUCT_STAT_ST_RDEV 1
| #define ENABLE_NLS 1
| #define HAVE_GETTEXT 1
| #define HAVE_DCGETTEXT 1
| #define HAVE_STRUCT_USER_REGS_STRUCT_ORIG_EAX 1
| #define HAVE_STRUCT_USER_REGS_STRUCT_EAX 1
| #define HAVE_STRUCT_USER_REGS_STRUCT_EBX 1
| #define HAVE_STRUCT_USER_REGS_STRUCT_ECX 1
| #define HAVE_STRUCT_USER_REGS_STRUCT_EDX 1
| /* end confdefs.h.  */
| #include <asm/ptrace.h>
| 
| int
| main ()
| {
| static struct pt_regs ac_aggr;
| if (sizeof ac_aggr.regs)
| return 0;
|   ;
|   return 0;
| }
configure:6931: result: no
configure:6941: checking for struct pt_regs.cp0_status
configure:6941: gcc -c -g -O2  conftest.c >&5
conftest.c: In function 'main':
conftest.c:54:12: error: 'struct pt_regs' has no member named 'cp0_status'
 if (ac_aggr.cp0_status)
            ^
configure:6941: $? = 1
configure: failed program was:
| /* confdefs.h */
| #define PACKAGE_NAME "psmisc"
| #define PACKAGE_TARNAME "psmisc"
| #define PACKAGE_VERSION "22.20"
| #define PACKAGE_STRING "psmisc 22.20"
| #define PACKAGE_BUGREPORT ""
| #define PACKAGE_URL ""
| #define PACKAGE "psmisc"
| #define VERSION "22.20"
| #define WITH_IPV6 1
| #define HAVE_DIRENT_H 1
| #define STDC_HEADERS 1
| #define HAVE_SYS_WAIT_H 1
| #define HAVE_SYS_TYPES_H 1
| #define HAVE_SYS_STAT_H 1
| #define HAVE_STDLIB_H 1
| #define HAVE_STRING_H 1
| #define HAVE_MEMORY_H 1
| #define HAVE_STRINGS_H 1
| #define HAVE_INTTYPES_H 1
| #define HAVE_STDINT_H 1
| #define HAVE_UNISTD_H 1
| #define HAVE_ARPA_INET_H 1
| #define HAVE_FCNTL_H 1
| #define HAVE_LANGINFO_H 1
| #define HAVE_LIBINTL_H 1
| #define HAVE_LIMITS_H 1
| #define HAVE_LOCALE_H 1
| #define HAVE_MNTENT_H 1
| #define HAVE_NETDB_H 1
| #define HAVE_NETINET_IN_H 1
| #define HAVE_STDLIB_H 1
| #define HAVE_STRING_H 1
| #define HAVE_SYS_IOCTL_H 1
| #define HAVE_SYS_SOCKET_H 1
| #define HAVE_TERMIOS_H 1
| #define HAVE_UNISTD_H 1
| #define HAVE_STRUCT_STAT_ST_RDEV 1
| #define ENABLE_NLS 1
| #define HAVE_GETTEXT 1
| #define HAVE_DCGETTEXT 1
| #define HAVE_STRUCT_USER_REGS_STRUCT_ORIG_EAX 1
| #define HAVE_STRUCT_USER_REGS_STRUCT_EAX 1
| #define HAVE_STRUCT_USER_REGS_STRUCT_EBX 1
| #define HAVE_STRUCT_USER_REGS_STRUCT_ECX 1
| #define HAVE_STRUCT_USER_REGS_STRUCT_EDX 1
| /* end confdefs.h.  */
| #include <asm/ptrace.h>
| 
| int
| main ()
| {
| static struct pt_regs ac_aggr;
| if (ac_aggr.cp0_status)
| return 0;
|   ;
|   return 0;
| }
configure:6941: gcc -c -g -O2  conftest.c >&5
conftest.c: In function 'main':
conftest.c:54:19: error: 'struct pt_regs' has no member named 'cp0_status'
 if (sizeof ac_aggr.cp0_status)
                   ^
configure:6941: $? = 1
configure: failed program was:
| /* confdefs.h */
| #define PACKAGE_NAME "psmisc"
| #define PACKAGE_TARNAME "psmisc"
| #define PACKAGE_VERSION "22.20"
| #define PACKAGE_STRING "psmisc 22.20"
| #define PACKAGE_BUGREPORT ""
| #define PACKAGE_URL ""
| #define PACKAGE "psmisc"
| #define VERSION "22.20"
| #define WITH_IPV6 1
| #define HAVE_DIRENT_H 1
| #define STDC_HEADERS 1
| #define HAVE_SYS_WAIT_H 1
| #define HAVE_SYS_TYPES_H 1
| #define HAVE_SYS_STAT_H 1
| #define HAVE_STDLIB_H 1
| #define HAVE_STRING_H 1
| #define HAVE_MEMORY_H 1
| #define HAVE_STRINGS_H 1
| #define HAVE_INTTYPES_H 1
| #define HAVE_STDINT_H 1
| #define HAVE_UNISTD_H 1
| #define HAVE_ARPA_INET_H 1
| #define HAVE_FCNTL_H 1
| #define HAVE_LANGINFO_H 1
| #define HAVE_LIBINTL_H 1
| #define HAVE_LIMITS_H 1
| #define HAVE_LOCALE_H 1
| #define HAVE_MNTENT_H 1
| #define HAVE_NETDB_H 1
| #define HAVE_NETINET_IN_H 1
| #define HAVE_STDLIB_H 1
| #define HAVE_STRING_H 1
| #define HAVE_SYS_IOCTL_H 1
| #define HAVE_SYS_SOCKET_H 1
| #define HAVE_TERMIOS_H 1
| #define HAVE_UNISTD_H 1
| #define HAVE_STRUCT_STAT_ST_RDEV 1
| #define ENABLE_NLS 1
| #define HAVE_GETTEXT 1
| #define HAVE_DCGETTEXT 1
| #define HAVE_STRUCT_USER_REGS_STRUCT_ORIG_EAX 1
| #define HAVE_STRUCT_USER_REGS_STRUCT_EAX 1
| #define HAVE_STRUCT_USER_REGS_STRUCT_EBX 1
| #define HAVE_STRUCT_USER_REGS_STRUCT_ECX 1
| #define HAVE_STRUCT_USER_REGS_STRUCT_EDX 1
| /* end confdefs.h.  */
| #include <asm/ptrace.h>
| 
| int
| main ()
| {
| static struct pt_regs ac_aggr;
| if (sizeof ac_aggr.cp0_status)
| return 0;
|   ;
|   return 0;
| }
configure:6941: result: no
configure:7022: checking whether closedir returns void
configure:7046: gcc -o conftest -g -O2   conftest.c  >&5
configure:7046: $? = 0
configure:7046: ./conftest
configure:7046: $? = 0
configure:7056: result: no
configure:7066: checking for library containing getmntent
configure:7097: gcc -o conftest -g -O2   conftest.c  >&5
configure:7097: $? = 0
configure:7114: result: none required
configure:7129: checking whether gcc needs -traditional
configure:7163: result: no
configure:7170: checking whether lstat correctly handles trailing slash
configure:7196: gcc -o conftest -g -O2   conftest.c  >&5
configure:7196: $? = 0
configure:7196: ./conftest
configure:7196: $? = 0
configure:7213: result: yes
configure:7232: checking whether lstat accepts an empty string
configure:7252: gcc -o conftest -g -O2   conftest.c  >&5
configure:7252: $? = 0
configure:7252: ./conftest
configure:7252: $? = 0
configure:7262: result: no
configure:7278: checking whether lstat correctly handles trailing slash
configure:7321: result: yes
configure:7342: checking for stdlib.h
configure:7342: result: yes
configure:7352: checking for GNU libc compatible malloc
configure:7376: gcc -o conftest -g -O2   conftest.c  >&5
configure:7376: $? = 0
configure:7376: ./conftest
configure:7376: $? = 0
configure:7386: result: yes
configure:7407: checking for working memcmp
configure:7450: gcc -o conftest -g -O2   conftest.c  >&5
configure:7450: $? = 0
configure:7450: ./conftest
configure:7450: $? = 0
configure:7460: result: yes
configure:7471: checking for stdlib.h
configure:7471: result: yes
configure:7481: checking for GNU libc compatible realloc
configure:7505: gcc -o conftest -g -O2   conftest.c  >&5
configure:7505: $? = 0
configure:7505: ./conftest
configure:7505: $? = 0
configure:7515: result: yes
configure:7536: checking whether stat accepts an empty string
configure:7556: gcc -o conftest -g -O2   conftest.c  >&5
configure:7556: $? = 0
configure:7556: ./conftest
configure:7556: $? = 0
configure:7566: result: no
configure:7585: checking for atexit
configure:7585: gcc -o conftest -g -O2   conftest.c  >&5
configure:7585: $? = 0
configure:7585: result: yes
configure:7585: checking for getmntent
configure:7585: result: yes
configure:7585: checking for memset
configure:7585: gcc -o conftest -g -O2   conftest.c  >&5
conftest.c:80:6: warning: conflicting types for built-in function 'memset' [enabled by default]
 char memset ();
      ^
configure:7585: $? = 0
configure:7585: result: yes
configure:7585: checking for nl_langinfo
configure:7585: gcc -o conftest -g -O2   conftest.c  >&5
configure:7585: $? = 0
configure:7585: result: yes
configure:7585: checking for rawmemchr
configure:7585: gcc -o conftest -g -O2   conftest.c  >&5
configure:7585: $? = 0
configure:7585: result: yes
configure:7585: checking for regcomp
configure:7585: gcc -o conftest -g -O2   conftest.c  >&5
configure:7585: $? = 0
configure:7585: result: yes
configure:7585: checking for rpmatch
configure:7585: gcc -o conftest -g -O2   conftest.c  >&5
configure:7585: $? = 0
configure:7585: result: yes
configure:7585: checking for setlocale
configure:7585: gcc -o conftest -g -O2   conftest.c  >&5
configure:7585: $? = 0
configure:7585: result: yes
configure:7585: checking for socket
configure:7585: gcc -o conftest -g -O2   conftest.c  >&5
configure:7585: $? = 0
configure:7585: result: yes
configure:7585: checking for strcasecmp
configure:7585: gcc -o conftest -g -O2   conftest.c  >&5
conftest.c:87:6: warning: conflicting types for built-in function 'strcasecmp' [enabled by default]
 char strcasecmp ();
      ^
configure:7585: $? = 0
configure:7585: result: yes
configure:7585: checking for strchr
configure:7585: gcc -o conftest -g -O2   conftest.c  >&5
conftest.c:88:6: warning: conflicting types for built-in function 'strchr' [enabled by default]
 char strchr ();
      ^
configure:7585: $? = 0
configure:7585: result: yes
configure:7585: checking for strdup
configure:7585: gcc -o conftest -g -O2   conftest.c  >&5
conftest.c:89:6: warning: conflicting types for built-in function 'strdup' [enabled by default]
 char strdup ();
      ^
configure:7585: $? = 0
configure:7585: result: yes
configure:7585: checking for strerror
configure:7585: gcc -o conftest -g -O2   conftest.c  >&5
configure:7585: $? = 0
configure:7585: result: yes
configure:7585: checking for strpbrk
configure:7585: gcc -o conftest -g -O2   conftest.c  >&5
conftest.c:91:6: warning: conflicting types for built-in function 'strpbrk' [enabled by default]
 char strpbrk ();
      ^
configure:7585: $? = 0
configure:7585: result: yes
configure:7585: checking for strrchr
configure:7585: gcc -o conftest -g -O2   conftest.c  >&5
conftest.c:92:6: warning: conflicting types for built-in function 'strrchr' [enabled by default]
 char strrchr ();
      ^
configure:7585: $? = 0
configure:7585: result: yes
configure:7585: checking for strtoul
configure:7585: gcc -o conftest -g -O2   conftest.c  >&5
configure:7585: $? = 0
configure:7585: result: yes
configure:7602: checking for special C compiler options needed for large files
configure:7647: result: no
configure:7653: checking for _FILE_OFFSET_BITS value needed for large files
configure:7678: gcc -c -g -O2  conftest.c >&5
conftest.c:77:3: warning: left shift count >= width of type [enabled by default]
   int off_t_is_large[(LARGE_OFF_T % 2147483629 == 721
   ^
conftest.c:77:3: warning: left shift count >= width of type [enabled by default]
conftest.c:78:10: warning: left shift count >= width of type [enabled by default]
          && LARGE_OFF_T % 2147483647 == 1)
          ^
conftest.c:78:10: warning: left shift count >= width of type [enabled by default]
conftest.c:77:7: error: variably modified 'off_t_is_large' at file scope
   int off_t_is_large[(LARGE_OFF_T % 2147483629 == 721
       ^
configure:7678: $? = 1
configure: failed program was:
| /* confdefs.h */
| #define PACKAGE_NAME "psmisc"
| #define PACKAGE_TARNAME "psmisc"
| #define PACKAGE_VERSION "22.20"
| #define PACKAGE_STRING "psmisc 22.20"
| #define PACKAGE_BUGREPORT ""
| #define PACKAGE_URL ""
| #define PACKAGE "psmisc"
| #define VERSION "22.20"
| #define WITH_IPV6 1
| #define HAVE_DIRENT_H 1
| #define STDC_HEADERS 1
| #define HAVE_SYS_WAIT_H 1
| #define HAVE_SYS_TYPES_H 1
| #define HAVE_SYS_STAT_H 1
| #define HAVE_STDLIB_H 1
| #define HAVE_STRING_H 1
| #define HAVE_MEMORY_H 1
| #define HAVE_STRINGS_H 1
| #define HAVE_INTTYPES_H 1
| #define HAVE_STDINT_H 1
| #define HAVE_UNISTD_H 1
| #define HAVE_ARPA_INET_H 1
| #define HAVE_FCNTL_H 1
| #define HAVE_LANGINFO_H 1
| #define HAVE_LIBINTL_H 1
| #define HAVE_LIMITS_H 1
| #define HAVE_LOCALE_H 1
| #define HAVE_MNTENT_H 1
| #define HAVE_NETDB_H 1
| #define HAVE_NETINET_IN_H 1
| #define HAVE_STDLIB_H 1
| #define HAVE_STRING_H 1
| #define HAVE_SYS_IOCTL_H 1
| #define HAVE_SYS_SOCKET_H 1
| #define HAVE_TERMIOS_H 1
| #define HAVE_UNISTD_H 1
| #define HAVE_STRUCT_STAT_ST_RDEV 1
| #define ENABLE_NLS 1
| #define HAVE_GETTEXT 1
| #define HAVE_DCGETTEXT 1
| #define HAVE_STRUCT_USER_REGS_STRUCT_ORIG_EAX 1
| #define HAVE_STRUCT_USER_REGS_STRUCT_EAX 1
| #define HAVE_STRUCT_USER_REGS_STRUCT_EBX 1
| #define HAVE_STRUCT_USER_REGS_STRUCT_ECX 1
| #define HAVE_STRUCT_USER_REGS_STRUCT_EDX 1
| #define HAVE_GETMNTENT 1
| #define LSTAT_FOLLOWS_SLASHED_SYMLINK 1
| #define LSTAT_FOLLOWS_SLASHED_SYMLINK 1
| #define HAVE_STDLIB_H 1
| #define HAVE_MALLOC 1
| #define HAVE_STDLIB_H 1
| #define HAVE_REALLOC 1
| #define HAVE_ATEXIT 1
| #define HAVE_GETMNTENT 1
| #define HAVE_MEMSET 1
| #define HAVE_NL_LANGINFO 1
| #define HAVE_RAWMEMCHR 1
| #define HAVE_REGCOMP 1
| #define HAVE_RPMATCH 1
| #define HAVE_SETLOCALE 1
| #define HAVE_SOCKET 1
| #define HAVE_STRCASECMP 1
| #define HAVE_STRCHR 1
| #define HAVE_STRDUP 1
| #define HAVE_STRERROR 1
| #define HAVE_STRPBRK 1
| #define HAVE_STRRCHR 1
| #define HAVE_STRTOUL 1
| /* end confdefs.h.  */
| #include <sys/types.h>
|  /* Check that off_t can represent 2**63 - 1 correctly.
|     We can't simply define LARGE_OFF_T to be 9223372036854775807,
|     since some C++ compilers masquerading as C compilers
|     incorrectly reject 9223372036854775807.  */
| #define LARGE_OFF_T (((off_t) 1 << 62) - 1 + ((off_t) 1 << 62))
|   int off_t_is_large[(LARGE_OFF_T % 2147483629 == 721
| 		       && LARGE_OFF_T % 2147483647 == 1)
| 		      ? 1 : -1];
| int
| main ()
| {
| 
|   ;
|   return 0;
| }
configure:7702: gcc -c -g -O2  conftest.c >&5
configure:7702: $? = 0
configure:7710: result: 64
configure:7913: checking that generated files are newer than configure
configure:7919: result: done
configure:7970: creating ./config.status

## ---------------------- ##
## Running config.status. ##
## ---------------------- ##

This file was extended by psmisc config.status 22.20, which was
generated by GNU Autoconf 2.69.  Invocation command line was

  CONFIG_FILES    = 
  CONFIG_HEADERS  = 
  CONFIG_LINKS    = 
  CONFIG_COMMANDS = 
  $ ./config.status 

on ns2

config.status:965: creating Makefile
config.status:965: creating doc/Makefile
config.status:965: creating src/Makefile
config.status:965: creating icons/Makefile
config.status:965: creating po/Makefile.in
config.status:965: creating testsuite/Makefile
config.status:965: creating config.h
config.status:1194: executing depfiles commands
config.status:1194: executing po-directories commands

## ---------------- ##
## Cache variables. ##
## ---------------- ##

ac_cv_build=i686-pc-linux-gnu
ac_cv_c_compiler_gnu=yes
ac_cv_c_const=yes
ac_cv_env_CC_set=
ac_cv_env_CC_value=
ac_cv_env_CFLAGS_set=
ac_cv_env_CFLAGS_value=
ac_cv_env_CPPFLAGS_set=
ac_cv_env_CPPFLAGS_value=
ac_cv_env_CPP_set=
ac_cv_env_CPP_value=
ac_cv_env_LDFLAGS_set=
ac_cv_env_LDFLAGS_value=
ac_cv_env_LIBS_set=
ac_cv_env_LIBS_value=
ac_cv_env_build_alias_set=
ac_cv_env_build_alias_value=
ac_cv_env_host_alias_set=
ac_cv_env_host_alias_value=
ac_cv_env_target_alias_set=
ac_cv_env_target_alias_value=
ac_cv_func_atexit=yes
ac_cv_func_closedir_void=no
ac_cv_func_getmntent=yes
ac_cv_func_lstat_dereferences_slashed_symlink=yes
ac_cv_func_lstat_empty_string_bug=no
ac_cv_func_malloc_0_nonnull=yes
ac_cv_func_memcmp_working=yes
ac_cv_func_memset=yes
ac_cv_func_nl_langinfo=yes
ac_cv_func_rawmemchr=yes
ac_cv_func_realloc_0_nonnull=yes
ac_cv_func_regcomp=yes
ac_cv_func_rpmatch=yes
ac_cv_func_setlocale=yes
ac_cv_func_socket=yes
ac_cv_func_stat_empty_string_bug=no
ac_cv_func_strcasecmp=yes
ac_cv_func_strchr=yes
ac_cv_func_strdup=yes
ac_cv_func_strerror=yes
ac_cv_func_strpbrk=yes
ac_cv_func_strrchr=yes
ac_cv_func_strtoul=yes
ac_cv_header_arpa_inet_h=yes
ac_cv_header_dirent_dirent_h=yes
ac_cv_header_fcntl_h=yes
ac_cv_header_inttypes_h=yes
ac_cv_header_langinfo_h=yes
ac_cv_header_libintl_h=yes
ac_cv_header_limits_h=yes
ac_cv_header_locale_h=yes
ac_cv_header_memory_h=yes
ac_cv_header_mntent_h=yes
ac_cv_header_netdb_h=yes
ac_cv_header_netinet_in_h=yes
ac_cv_header_stdc=yes
ac_cv_header_stdint_h=yes
ac_cv_header_stdlib_h=yes
ac_cv_header_string_h=yes
ac_cv_header_strings_h=yes
ac_cv_header_sys_ioctl_h=yes
ac_cv_header_sys_socket_h=yes
ac_cv_header_sys_stat_h=yes
ac_cv_header_sys_types_h=yes
ac_cv_header_sys_wait_h=yes
ac_cv_header_termios_h=yes
ac_cv_header_unistd_h=yes
ac_cv_host=i686-pc-linux-gnu
ac_cv_lib_ncurses_tgetent=yes
ac_cv_lib_tinfo_tgetent=no
ac_cv_member_struct_pt_regs_cp0_status=no
ac_cv_member_struct_pt_regs_gpr=no
ac_cv_member_struct_pt_regs_orig_gpr3=no
ac_cv_member_struct_pt_regs_regs=no
ac_cv_member_struct_pt_regs_uregs=no
ac_cv_member_struct_stat_st_rdev=yes
ac_cv_member_struct_user_regs_struct_eax=yes
ac_cv_member_struct_user_regs_struct_ebx=yes
ac_cv_member_struct_user_regs_struct_ecx=yes
ac_cv_member_struct_user_regs_struct_edx=yes
ac_cv_member_struct_user_regs_struct_orig_eax=yes
ac_cv_member_struct_user_regs_struct_orig_rax=no
ac_cv_member_struct_user_regs_struct_rax=no
ac_cv_member_struct_user_regs_struct_rdi=no
ac_cv_member_struct_user_regs_struct_rdx=no
ac_cv_member_struct_user_regs_struct_rsi=no
ac_cv_objext=o
ac_cv_path_EGREP='/usr/bin/grep -E'
ac_cv_path_GMSGFMT=/usr/bin/msgfmt
ac_cv_path_GREP=/usr/bin/grep
ac_cv_path_MSGFMT=/usr/bin/msgfmt
ac_cv_path_MSGMERGE=/usr/bin/msgmerge
ac_cv_path_XGETTEXT=/usr/bin/xgettext
ac_cv_path_install='/usr/bin/ginstall -c'
ac_cv_path_mkdir=/usr/bin/mkdir
ac_cv_prog_AWK=gawk
ac_cv_prog_CPP='gcc -E'
ac_cv_prog_ac_ct_CC=gcc
ac_cv_prog_cc_c89=
ac_cv_prog_cc_g=yes
ac_cv_prog_gcc_traditional=no
ac_cv_prog_make_make_set=yes
ac_cv_search_getmntent='none required'
ac_cv_search_opendir='none required'
ac_cv_sys_file_offset_bits=64
ac_cv_sys_largefile_CC=no
ac_cv_target=i686-pc-linux-gnu
ac_cv_type_pid_t=yes
ac_cv_type_size_t=yes
ac_cv_type_uid_t=yes
acl_cv_hardcode_direct=no
acl_cv_hardcode_libdir_flag_spec='${wl}-rpath ${wl}$libdir'
acl_cv_hardcode_libdir_separator=
acl_cv_hardcode_minus_L=no
acl_cv_libext=a
acl_cv_path_LD=/usr/i686-linux-gnu/bin/ld
acl_cv_prog_gnu_ld=yes
acl_cv_rpath=done
acl_cv_shlibext=so
acl_cv_wl=-Wl,
am_cv_CC_dependencies_compiler_type=gcc3
am_cv_make_support_nested_variables=yes
gt_cv_func_CFLocaleCopyCurrent=no
gt_cv_func_CFPreferencesCopyAppValue=no
gt_cv_func_gnugettext1_libc=yes

## ----------------- ##
## Output variables. ##
## ----------------- ##

ACLOCAL='${SHELL} /usr/src/squashfs/squashfs/psmisc/config/missing aclocal-1.13'
AMDEPBACKSLASH='\'
AMDEP_FALSE='#'
AMDEP_TRUE=''
AMTAR='$${TAR-tar}'
AM_BACKSLASH='\'
AM_DEFAULT_V='$(AM_DEFAULT_VERBOSITY)'
AM_DEFAULT_VERBOSITY='1'
AM_V='$(V)'
AUTOCONF='${SHELL} /usr/src/squashfs/squashfs/psmisc/config/missing autoconf'
AUTOHEADER='${SHELL} /usr/src/squashfs/squashfs/psmisc/config/missing autoheader'
AUTOMAKE='${SHELL} /usr/src/squashfs/squashfs/psmisc/config/missing automake-1.13'
AWK='gawk'
CC='gcc'
CCDEPMODE='depmode=gcc3'
CFLAGS='-g -O2'
CPP='gcc -E'
CPPFLAGS=''
CYGPATH_W='echo'
DEFS='-DHAVE_CONFIG_H'
DEJAGNU='$(top_srcdir)/testsuite/global-conf.exp'
DEPDIR='.deps'
ECHO_C=''
ECHO_N='-n'
ECHO_T=''
EGREP='/usr/bin/grep -E'
EXEEXT=''
GMSGFMT='/usr/bin/msgfmt'
GMSGFMT_015='/usr/bin/msgfmt'
GREP='/usr/bin/grep'
HARDEN_CFLAGS='-fstack-protector --param=ssp-buffer-size=4 -Wformat -Wformat-security -Werror=format-security'
INSTALL_DATA='${INSTALL} -m 644'
INSTALL_PROGRAM='${INSTALL}'
INSTALL_SCRIPT='${INSTALL}'
INSTALL_STRIP_PROGRAM='$(install_sh) -c -s'
INTLLIBS=''
INTL_MACOSX_LIBS=''
LDFLAGS=''
LIBICONV='-liconv'
LIBINTL=''
LIBOBJS=''
LIBS=''
LN_S='ln -s'
LTLIBICONV='-liconv'
LTLIBINTL=''
LTLIBOBJS=''
MAKEINFO='${SHELL} /usr/src/squashfs/squashfs/psmisc/config/missing makeinfo'
MKDIR_P='/usr/bin/mkdir -p'
MSGFMT='/usr/bin/msgfmt'
MSGFMT_015='/usr/bin/msgfmt'
MSGMERGE='/usr/bin/msgmerge'
OBJEXT='o'
PACKAGE='psmisc'
PACKAGE_BUGREPORT=''
PACKAGE_NAME='psmisc'
PACKAGE_STRING='psmisc 22.20'
PACKAGE_TARNAME='psmisc'
PACKAGE_URL=''
PACKAGE_VERSION='22.20'
PATH_SEPARATOR=':'
POSUB='po'
SELINUX_LIB=''
SET_MAKE=''
SHELL='/bin/sh'
STRIP=''
TERMCAP_LIB='-lncurses'
USE_NLS='yes'
VERSION='22.20'
WANT_FUSER_FALSE='#'
WANT_FUSER_TRUE=''
WANT_PEEKFD_ARM_FALSE=''
WANT_PEEKFD_ARM_TRUE='#'
WANT_PEEKFD_I386_FALSE='#'
WANT_PEEKFD_I386_TRUE=''
WANT_PEEKFD_MIPS_FALSE=''
WANT_PEEKFD_MIPS_TRUE='#'
WANT_PEEKFD_PPC_FALSE=''
WANT_PEEKFD_PPC_TRUE='#'
WANT_PEEKFD_X86_64_FALSE=''
WANT_PEEKFD_X86_64_TRUE='#'
WANT_TIMEOUT_STAT_FALSE=''
WANT_TIMEOUT_STAT_TRUE='#'
WITH_IPV6=''
WITH_SELINUX=''
WITH_TIMEOUT_STAT=''
XGETTEXT='/usr/bin/xgettext'
XGETTEXT_015='/usr/bin/xgettext'
ac_ct_CC='gcc'
am__EXEEXT_FALSE=''
am__EXEEXT_TRUE='#'
am__fastdepCC_FALSE='#'
am__fastdepCC_TRUE=''
am__include='include'
am__isrc=''
am__leading_dot='.'
am__nodep='_no'
am__quote=''
am__tar='$${TAR-tar} chof - "$$tardir"'
am__untar='$${TAR-tar} xf -'
bindir='${exec_prefix}/bin'
build='i686-pc-linux-gnu'
build_alias=''
build_cpu='i686'
build_os='linux-gnu'
build_vendor='pc'
datadir='${datarootdir}'
datarootdir='${prefix}/share'
docdir='${datarootdir}/doc/${PACKAGE_TARNAME}'
dvidir='${docdir}'
exec_prefix='${prefix}'
host='i686-pc-linux-gnu'
host_alias=''
host_cpu='i686'
host_os='linux-gnu'
host_vendor='pc'
htmldir='${docdir}'
includedir='${prefix}/include'
infodir='${datarootdir}/info'
install_sh='${SHELL} /usr/src/squashfs/squashfs/psmisc/config/install-sh'
libdir='${exec_prefix}/lib'
libexecdir='${exec_prefix}/libexec'
localedir='${datarootdir}/locale'
localstatedir='${prefix}/var'
mandir='${datarootdir}/man'
mkdir_p='/usr/bin/mkdir -p'
oldincludedir='/usr/include'
pdfdir='${docdir}'
prefix='/usr/local'
program_transform_name='s,x,x,'
psdir='${docdir}'
sbindir='${exec_prefix}/sbin'
sharedstatedir='${prefix}/com'
sysconfdir='${prefix}/etc'
target='i686-pc-linux-gnu'
target_alias=''
target_cpu='i686'
target_os='linux-gnu'
target_vendor='pc'

## ----------- ##
## confdefs.h. ##
## ----------- ##

/* confdefs.h */
#define PACKAGE_NAME "psmisc"
#define PACKAGE_TARNAME "psmisc"
#define PACKAGE_VERSION "22.20"
#define PACKAGE_STRING "psmisc 22.20"
#define PACKAGE_BUGREPORT ""
#define PACKAGE_URL ""
#define PACKAGE "psmisc"
#define VERSION "22.20"
#define WITH_IPV6 1
#define HAVE_DIRENT_H 1
#define STDC_HEADERS 1
#define HAVE_SYS_WAIT_H 1
#define HAVE_SYS_TYPES_H 1
#define HAVE_SYS_STAT_H 1
#define HAVE_STDLIB_H 1
#define HAVE_STRING_H 1
#define HAVE_MEMORY_H 1
#define HAVE_STRINGS_H 1
#define HAVE_INTTYPES_H 1
#define HAVE_STDINT_H 1
#define HAVE_UNISTD_H 1
#define HAVE_ARPA_INET_H 1
#define HAVE_FCNTL_H 1
#define HAVE_LANGINFO_H 1
#define HAVE_LIBINTL_H 1
#define HAVE_LIMITS_H 1
#define HAVE_LOCALE_H 1
#define HAVE_MNTENT_H 1
#define HAVE_NETDB_H 1
#define HAVE_NETINET_IN_H 1
#define HAVE_STDLIB_H 1
#define HAVE_STRING_H 1
#define HAVE_SYS_IOCTL_H 1
#define HAVE_SYS_SOCKET_H 1
#define HAVE_TERMIOS_H 1
#define HAVE_UNISTD_H 1
#define HAVE_STRUCT_STAT_ST_RDEV 1
#define ENABLE_NLS 1
#define HAVE_GETTEXT 1
#define HAVE_DCGETTEXT 1
#define HAVE_STRUCT_USER_REGS_STRUCT_ORIG_EAX 1
#define HAVE_STRUCT_USER_REGS_STRUCT_EAX 1
#define HAVE_STRUCT_USER_REGS_STRUCT_EBX 1
#define HAVE_STRUCT_USER_REGS_STRUCT_ECX 1
#define HAVE_STRUCT_USER_REGS_STRUCT_EDX 1
#define HAVE_GETMNTENT 1
#define LSTAT_FOLLOWS_SLASHED_SYMLINK 1
#define LSTAT_FOLLOWS_SLASHED_SYMLINK 1
#define HAVE_STDLIB_H 1
#define HAVE_MALLOC 1
#define HAVE_STDLIB_H 1
#define HAVE_REALLOC 1
#define HAVE_ATEXIT 1
#define HAVE_GETMNTENT 1
#define HAVE_MEMSET 1
#define HAVE_NL_LANGINFO 1
#define HAVE_RAWMEMCHR 1
#define HAVE_REGCOMP 1
#define HAVE_RPMATCH 1
#define HAVE_SETLOCALE 1
#define HAVE_SOCKET 1
#define HAVE_STRCASECMP 1
#define HAVE_STRCHR 1
#define HAVE_STRDUP 1
#define HAVE_STRERROR 1
#define HAVE_STRPBRK 1
#define HAVE_STRRCHR 1
#define HAVE_STRTOUL 1
#define _FILE_OFFSET_BITS 64

configure: exit 0
